[36mâ ‹[39m Generating browser application bundles (phase: setup)...[2K[1G[36mâ ™[39m Generating browser application bundles (phase: setup)...[2K[1G[36mâ ¹[39m Generating browser application bundles (phase: building)...[2K[1G[36mâ ¸[39m Generating browser application bundles (phase: building)...[2K[1G[36mâ ¼[39m Generating browser application bundles (phase: building)...[2K[1G[36mâ ´[39m Generating browser application bundles (phase: building)...[2K[1G[36mâ ¦[39m Generating browser application bundles (phase: building)...[2K[1G[36mâ §[39m Generating browser application bundles (phase: sealing)...[2K[1G[36mâ ‡[39m Generating browser application bundles (phase: emitting)...[2K[1G[32mâœ”[39m Browser application bundle generation complete.
[37m[39m
[37m[0m[1mInitial Chunk Files[22m      [2m | [22m[1mNames[22m        [2m | [22m [1mRaw Size[22m[0m[39m
[37m[0m[92mvendor.js[39m[37m                [2m | [22mvendor       [2m | [22m  [96m3.47 MB[39m[37m[2m | [22m[0m[39m
[37m[0m[92mstyles.css, styles.js[39m[37m    [2m | [22mstyles       [2m | [22m[96m905.71 kB[39m[37m[2m | [22m[0m[39m
[37m[0m[92mpolyfills.js[39m[37m             [2m | [22mpolyfills    [2m | [22m[96m333.17 kB[39m[37m[2m | [22m[0m[39m
[37m[0m[92mruntime.js[39m[37m               [2m | [22mruntime      [2m | [22m [96m12.61 kB[39m[37m[2m | [22m[0m[39m
[37m[0m[92mmain.js[39m[37m                  [2m | [22mmain         [2m | [22m  [96m8.92 kB[39m[37m[2m | [22m[0m[39m
[37m[0m[0m[39m
[37m[0m[1m [22m                        [2m | [22m[1mInitial Total[22m[2m | [22m  [1m4.70 MB[22m[0m[39m
[37m[0m[0m[39m
[37m[0m[1mLazy Chunk Files[22m         [2m | [22m[1mNames[22m        [2m | [22m [1mRaw Size[22m[0m[39m
[37m[0m[92mlibs_core_src_index_ts.js[39m[37m[2m | [22mdeb-gpt-core [2m | [22m[96m362.04 kB[39m[37m[2m | [22m[0m[39m
[37m[0m[92mlibs_auth_src_index_ts.js[39m[37m[2m | [22mdeb-gpt-auth [2m | [22m  [96m5.85 kB[39m[37m[2m | [22m[0m[39m
[37m[0m[0m[39m
[37m[0mBuild at: [1m[37m2024-01-07T12:35:26.832Z[39m[37m[22m - Hash: [1m[37m57157af970a7a42a[39m[37m[22m - Time: [1m[37m2054[39m[37m[22mms[0m[39m
[1m[33m[39m[22m
[1m[33m[0m[33mWarning: [39m[33m[0m/Users/debanilguha/Desktop/Projects/DEB-GPT Full Stack/deb-gpt/libs/core/src/lib/core.module.ts depends on 'prismjs'. CommonJS or AMD dependencies can cause optimization bailouts.[39m[22m
[1m[33mFor more info see: https://angular.io/guide/build#configuring-commonjs-dependencies[39m[22m
[1m[33m[39m[22m
[1m[33m[39m[22m
[37m[39m
[37m** Angular Live Development Server is listening on localhost:4200, open your browser on http://localhost:4200/ **[39m
[37m[39m
[37m[39m
[37m[92mâœ”[39m[37m Compiled successfully.[39m
[36mâ ‹[39m Generating browser application bundles...[2K[1G[36mâ ™[39m Generating browser application bundles (phase: building)...[2K[1G[36mâ ¹[39m Generating browser application bundles (phase: building)...[2K[1G[36mâ ¸[39m Generating browser application bundles (phase: building)...[2K[1G[36mâ ¼[39m Generating browser application bundles (phase: building)...[2K[1G[36mâ ´[39m Generating browser application bundles (phase: building)...[2K[1G[36mâ ¦[39m Generating browser application bundles (phase: building)...[2K[1G[36mâ §[39m Generating browser application bundles (phase: building)...[2K[1G[36mâ ‡[39m Generating browser application bundles (phase: building)...[2K[1G[36mâ [39m Generating browser application bundles (phase: building)...[2K[1G[36mâ ‹[39m Generating browser application bundles (phase: building)...[2K[1G[36mâ ™[39m Generating browser application bundles (phase: building)...[2K[1G[36mâ ¹[39m Generating browser application bundles (phase: building)...[2K[1G[36mâ ¸[39m Generating browser application bundles (phase: building)...[2K[1G[36mâ ¼[39m Generating browser application bundles (phase: building)...[2K[1G[36mâ ´[39m Generating browser application bundles (phase: building)...[2K[1G[36mâ ¦[39m Generating browser application bundles (phase: building)...[2K[1G[36mâ §[39m Generating browser application bundles (phase: building)...[2K[1G[36mâ ‡[39m Generating browser application bundles (phase: building)...[2K[1G[36mâ [39m Generating browser application bundles (phase: emitting)...[2K[1G[32mâœ”[39m Browser application bundle generation complete.
[37m[39m
[37m[0m[1mInitial Chunk Files[22m[2m | [22m[1mNames[22m  [2m | [22m[1mRaw Size[22m[0m[39m
[37m[0m[92mruntime.js[39m[37m         [2m | [22mruntime[2m | [22m[96m12.61 kB[39m[37m[2m | [22m[0m[39m
[37m[0m[92mmain.js[39m[37m            [2m | [22mmain   [2m | [22m [96m8.92 kB[39m[37m[2m | [22m[0m[39m
[37m[0m[0m[39m
[37m[0m5 unchanged chunks[0m[39m
[37m[0m[0m[39m
[37m[0mBuild at: [1m[37m2024-01-07T12:35:42.310Z[39m[37m[22m - Hash: [1m[37mf6117593458cc735[39m[37m[22m - Time: [1m[37m2206[39m[37m[22mms[0m[39m
[37m[39m
[37m[92mâœ”[39m[37m Compiled successfully.[39m
[36mâ ‹[39m Generating browser application bundles...[2K[1G[36mâ ™[39m Generating browser application bundles (phase: building)...[2K[1G[36mâ ¹[39m Generating browser application bundles (phase: building)...[2K[1G[36mâ ¸[39m Generating browser application bundles (phase: building)...[2K[1G[36mâ ¼[39m Generating browser application bundles (phase: emitting)...[2K[1G[32mâœ”[39m Browser application bundle generation complete.
[37m[39m
[37m[0m[1mInitial Chunk Files[22m      [2m | [22m[1mNames[22m       [2m | [22m[1mRaw Size[22m[0m[39m
[37m[0m[92mruntime.js[39m[37m               [2m | [22mruntime     [2m | [22m[96m12.61 kB[39m[37m[2m | [22m[0m[39m
[37m[0m[0m[39m
[37m[0m[1mLazy Chunk Files[22m         [2m | [22m[1mNames[22m       [2m | [22m[1mRaw Size[22m[0m[39m
[37m[0m[92mlibs_auth_src_index_ts.js[39m[37m[2m | [22mdeb-gpt-auth[2m | [22m [96m5.85 kB[39m[37m[2m | [22m[0m[39m
[37m[0m[0m[39m
[37m[0m5 unchanged chunks[0m[39m
[37m[0m[0m[39m
[37m[0mBuild at: [1m[37m2024-01-07T12:36:02.860Z[39m[37m[22m - Hash: [1m[37m7d0c5fc4847869e0[39m[37m[22m - Time: [1m[37m698[39m[37m[22mms[0m[39m
[37m[39m
[37m[92mâœ”[39m[37m Compiled successfully.[39m
[36mâ ‹[39m Generating browser application bundles...[2K[1G[36mâ ™[39m Generating browser application bundles (phase: building)...[2K[1G[32mâœ”[39m Browser application bundle generation complete.
[37m[39m
[37m[0m[1mInitial Chunk Files[22m      [2m | [22m[1mNames[22m       [2m | [22m[1mRaw Size[22m[0m[39m
[37m[0m[92mruntime.js[39m[37m               [2m | [22mruntime     [2m | [22m[96m12.61 kB[39m[37m[2m | [22m[0m[39m
[37m[0m[0m[39m
[37m[0m[1mLazy Chunk Files[22m         [2m | [22m[1mNames[22m       [2m | [22m[1mRaw Size[22m[0m[39m
[37m[0m[92mlibs_auth_src_index_ts.js[39m[37m[2m | [22mdeb-gpt-auth[2m | [22m [96m6.04 kB[39m[37m[2m | [22m[0m[39m
[37m[0m[0m[39m
[37m[0m5 unchanged chunks[0m[39m
[37m[0m[0m[39m
[37m[0mBuild at: [1m[37m2024-01-07T12:36:05.313Z[39m[37m[22m - Hash: [1m[37mb5ea713365cb356c[39m[37m[22m - Time: [1m[37m226[39m[37m[22mms[0m[39m
[1m[31m[39m[22m
[1m[31m[0m[36m./libs/auth/src/lib/auth-dashboard/auth-dashboard.component.scss?ngResource[39m[31m[0m - [0m[91mError: [39m[31m[0mModule build failed (from ./node_modules/sass-loader/dist/cjs.js):[39m[22m
[1m[31mExpected expression.[39m[22m
[1m[31m  â•·[39m[22m
[1m[31m3 â”‚   background: ;[39m[22m
[1m[31m  â”‚               ^[39m[22m
[1m[31m  â•µ[39m[22m
[1m[31m  libs/auth/src/lib/auth-dashboard/auth-dashboard.component.scss 3:15  root stylesheet[39m[22m
[1m[31m[39m[22m
[1m[31m[39m[22m
[37m[39m
[37m[91mâœ–[39m[37m Failed to compile.[39m
[36mâ ‹[39m Generating browser application bundles...[2K[1G[36mâ ™[39m Generating browser application bundles (phase: building)...[2K[1G[36mâ ¹[39m Generating browser application bundles (phase: sealing)...[2K[1G[32mâœ”[39m Browser application bundle generation complete.
[37m[39m
[37m[0m[1mInitial Chunk Files[22m      [2m | [22m[1mNames[22m       [2m | [22m[1mRaw Size[22m[0m[39m
[37m[0m[92mruntime.js[39m[37m               [2m | [22mruntime     [2m | [22m[96m12.61 kB[39m[37m[2m | [22m[0m[39m
[37m[0m[0m[39m
[37m[0m[1mLazy Chunk Files[22m         [2m | [22m[1mNames[22m       [2m | [22m[1mRaw Size[22m[0m[39m
[37m[0m[92mlibs_auth_src_index_ts.js[39m[37m[2m | [22mdeb-gpt-auth[2m | [22m [96m5.93 kB[39m[37m[2m | [22m[0m[39m
[37m[0m[0m[39m
[37m[0m5 unchanged chunks[0m[39m
[37m[0m[0m[39m
[37m[0mBuild at: [1m[37m2024-01-07T12:36:08.397Z[39m[37m[22m - Hash: [1m[37m61ae75b16272895a[39m[37m[22m - Time: [1m[37m248[39m[37m[22mms[0m[39m
[37m[39m
[37m[92mâœ”[39m[37m Compiled successfully.[39m
[36mâ ‹[39m Generating browser application bundles...[2K[1G[36mâ ™[39m Generating browser application bundles (phase: building)...[2K[1G[36mâ ¹[39m Generating browser application bundles (phase: emitting)...[2K[1G[32mâœ”[39m Browser application bundle generation complete.
[37m[39m
[37m[0m[1mInitial Chunk Files[22m      [2m | [22m[1mNames[22m       [2m | [22m[1mRaw Size[22m[0m[39m
[37m[0m[92mruntime.js[39m[37m               [2m | [22mruntime     [2m | [22m[96m12.61 kB[39m[37m[2m | [22m[0m[39m
[37m[0m[0m[39m
[37m[0m[1mLazy Chunk Files[22m         [2m | [22m[1mNames[22m       [2m | [22m[1mRaw Size[22m[0m[39m
[37m[0m[92mlibs_auth_src_index_ts.js[39m[37m[2m | [22mdeb-gpt-auth[2m | [22m [96m5.95 kB[39m[37m[2m | [22m[0m[39m
[37m[0m[0m[39m
[37m[0m5 unchanged chunks[0m[39m
[37m[0m[0m[39m
[37m[0mBuild at: [1m[37m2024-01-07T12:36:09.879Z[39m[37m[22m - Hash: [1m[37m926f051713f71de8[39m[37m[22m - Time: [1m[37m222[39m[37m[22mms[0m[39m
[37m[39m
[37m[92mâœ”[39m[37m Compiled successfully.[39m
[36mâ ‹[39m Generating browser application bundles...[2K[1G[36mâ ™[39m Generating browser application bundles (phase: building)...[2K[1G[36mâ ¹[39m Generating browser application bundles (phase: building)...[2K[1G[32mâœ”[39m Browser application bundle generation complete.
[37m[39m
[37m[0m[1mInitial Chunk Files[22m      [2m | [22m[1mNames[22m       [2m | [22m[1mRaw Size[22m[0m[39m
[37m[0m[92mruntime.js[39m[37m               [2m | [22mruntime     [2m | [22m[96m12.61 kB[39m[37m[2m | [22m[0m[39m
[37m[0m[0m[39m
[37m[0m[1mLazy Chunk Files[22m         [2m | [22m[1mNames[22m       [2m | [22m[1mRaw Size[22m[0m[39m
[37m[0m[92mlibs_auth_src_index_ts.js[39m[37m[2m | [22mdeb-gpt-auth[2m | [22m [96m6.06 kB[39m[37m[2m | [22m[0m[39m
[37m[0m[0m[39m
[37m[0m5 unchanged chunks[0m[39m
[37m[0m[0m[39m
[37m[0mBuild at: [1m[37m2024-01-07T12:36:16.702Z[39m[37m[22m - Hash: [1m[37m9190cd0e9d2c872e[39m[37m[22m - Time: [1m[37m260[39m[37m[22mms[0m[39m
[1m[31m[39m[22m
[1m[31m[0m[36m./libs/auth/src/lib/auth-dashboard/auth-dashboard.component.scss?ngResource[39m[31m[0m - [0m[91mError: [39m[31m[0mModule build failed (from ./node_modules/sass-loader/dist/cjs.js):[39m[22m
[1m[31mExpected expression.[39m[22m
[1m[31m  â•·[39m[22m
[1m[31m4 â”‚   background-color: ;[39m[22m
[1m[31m  â”‚                     ^[39m[22m
[1m[31m  â•µ[39m[22m
[1m[31m  libs/auth/src/lib/auth-dashboard/auth-dashboard.component.scss 4:21  root stylesheet[39m[22m
[1m[31m[39m[22m
[1m[31m[39m[22m
[37m[39m
[37m[91mâœ–[39m[37m Failed to compile.[39m
[36mâ ‹[39m Generating browser application bundles...[2K[1G[36mâ ™[39m Generating browser application bundles (phase: building)...[2K[1G[36mâ ¹[39m Generating browser application bundles (phase: emitting)...[2K[1G[32mâœ”[39m Browser application bundle generation complete.
[37m[39m
[37m[0m[1mInitial Chunk Files[22m      [2m | [22m[1mNames[22m       [2m | [22m[1mRaw Size[22m[0m[39m
[37m[0m[92mruntime.js[39m[37m               [2m | [22mruntime     [2m | [22m[96m12.61 kB[39m[37m[2m | [22m[0m[39m
[37m[0m[0m[39m
[37m[0m[1mLazy Chunk Files[22m         [2m | [22m[1mNames[22m       [2m | [22m[1mRaw Size[22m[0m[39m
[37m[0m[92mlibs_auth_src_index_ts.js[39m[37m[2m | [22mdeb-gpt-auth[2m | [22m [96m6.05 kB[39m[37m[2m | [22m[0m[39m
[37m[0m[0m[39m
[37m[0m5 unchanged chunks[0m[39m
[37m[0m[0m[39m
[37m[0mBuild at: [1m[37m2024-01-07T12:36:18.010Z[39m[37m[22m - Hash: [1m[37mf6357a405b3aa6cb[39m[37m[22m - Time: [1m[37m177[39m[37m[22mms[0m[39m
[37m[39m
[37m[92mâœ”[39m[37m Compiled successfully.[39m
[36mâ ‹[39m Generating browser application bundles...[2K[1G[36mâ ™[39m Generating browser application bundles (phase: building)...[2K[1G[36mâ ¹[39m Generating browser application bundles (phase: emitting)...[2K[1G[32mâœ”[39m Browser application bundle generation complete.
[37m[39m
[37m[0m[1mInitial Chunk Files[22m      [2m | [22m[1mNames[22m       [2m | [22m[1mRaw Size[22m[0m[39m
[37m[0m[92mruntime.js[39m[37m               [2m | [22mruntime     [2m | [22m[96m12.61 kB[39m[37m[2m | [22m[0m[39m
[37m[0m[0m[39m
[37m[0m[1mLazy Chunk Files[22m         [2m | [22m[1mNames[22m       [2m | [22m[1mRaw Size[22m[0m[39m
[37m[0m[92mlibs_auth_src_index_ts.js[39m[37m[2m | [22mdeb-gpt-auth[2m | [22m [96m6.07 kB[39m[37m[2m | [22m[0m[39m
[37m[0m[0m[39m
[37m[0m5 unchanged chunks[0m[39m
[37m[0m[0m[39m
[37m[0mBuild at: [1m[37m2024-01-07T12:36:19.522Z[39m[37m[22m - Hash: [1m[37m251b616ba9db7d40[39m[37m[22m - Time: [1m[37m228[39m[37m[22mms[0m[39m
[37m[39m
[37m[92mâœ”[39m[37m Compiled successfully.[39m
[36mâ ‹[39m Generating browser application bundles...[2K[1G[36mâ ™[39m Generating browser application bundles (phase: building)...[2K[1G[32mâœ”[39m Browser application bundle generation complete.
[37m[39m
[37m[0m[1mInitial Chunk Files[22m      [2m | [22m[1mNames[22m       [2m | [22m[1mRaw Size[22m[0m[39m
[37m[0m[92mruntime.js[39m[37m               [2m | [22mruntime     [2m | [22m[96m12.61 kB[39m[37m[2m | [22m[0m[39m
[37m[0m[0m[39m
[37m[0m[1mLazy Chunk Files[22m         [2m | [22m[1mNames[22m       [2m | [22m[1mRaw Size[22m[0m[39m
[37m[0m[92mlibs_auth_src_index_ts.js[39m[37m[2m | [22mdeb-gpt-auth[2m | [22m [96m6.03 kB[39m[37m[2m | [22m[0m[39m
[37m[0m[0m[39m
[37m[0m5 unchanged chunks[0m[39m
[37m[0m[0m[39m
[37m[0mBuild at: [1m[37m2024-01-07T12:36:24.768Z[39m[37m[22m - Hash: [1m[37m35cfde043d929e0f[39m[37m[22m - Time: [1m[37m169[39m[37m[22mms[0m[39m
[1m[31m[39m[22m
[1m[31m[0m[36m./libs/auth/src/lib/auth-dashboard/auth-dashboard.component.scss?ngResource[39m[31m[0m - [0m[91mError: [39m[31m[0mModule build failed (from ./node_modules/sass-loader/dist/cjs.js):[39m[22m
[1m[31mexpected "{".[39m[22m
[1m[31m  â•·[39m[22m
[1m[31m5 â”‚   back[39m[22m
[1m[31m  â”‚       ^[39m[22m
[1m[31m  â•µ[39m[22m
[1m[31m  libs/auth/src/lib/auth-dashboard/auth-dashboard.component.scss 5:7  root stylesheet[39m[22m
[1m[31m[39m[22m
[1m[31m[39m[22m
[37m[39m
[37m[91mâœ–[39m[37m Failed to compile.[39m
[36mâ ‹[39m Generating browser application bundles...[2K[1G[36mâ ™[39m Generating browser application bundles (phase: building)...[2K[1G[32mâœ”[39m Browser application bundle generation complete.
[37m[39m
[37m[0m[1mInitial Chunk Files[22m      [2m | [22m[1mNames[22m       [2m | [22m[1mRaw Size[22m[0m[39m
[37m[0m[92mruntime.js[39m[37m               [2m | [22mruntime     [2m | [22m[96m12.61 kB[39m[37m[2m | [22m[0m[39m
[37m[0m[0m[39m
[37m[0m[1mLazy Chunk Files[22m         [2m | [22m[1mNames[22m       [2m | [22m[1mRaw Size[22m[0m[39m
[37m[0m[92mlibs_auth_src_index_ts.js[39m[37m[2m | [22mdeb-gpt-auth[2m | [22m [96m6.03 kB[39m[37m[2m | [22m[0m[39m
[37m[0m[0m[39m
[37m[0m5 unchanged chunks[0m[39m
[37m[0m[0m[39m
[37m[0mBuild at: [1m[37m2024-01-07T12:36:28.627Z[39m[37m[22m - Hash: [1m[37m041bd36b62f56b17[39m[37m[22m - Time: [1m[37m194[39m[37m[22mms[0m[39m
[1m[31m[39m[22m
[1m[31m[0m[36m./libs/auth/src/lib/auth-dashboard/auth-dashboard.component.scss?ngResource[39m[31m[0m - [0m[91mError: [39m[31m[0mModule build failed (from ./node_modules/sass-loader/dist/cjs.js):[39m[22m
[1m[31mExpected expression.[39m[22m
[1m[31m  â•·[39m[22m
[1m[31m5 â”‚   background: ;[39m[22m
[1m[31m  â”‚               ^[39m[22m
[1m[31m  â•µ[39m[22m
[1m[31m  libs/auth/src/lib/auth-dashboard/auth-dashboard.component.scss 5:15  root stylesheet[39m[22m
[1m[31m[39m[22m
[1m[31m[39m[22m
[37m[39m
[37m[91mâœ–[39m[37m Failed to compile.[39m
[36mâ ‹[39m Generating browser application bundles...[2K[1G[36mâ ™[39m Generating browser application bundles (phase: building)...[2K[1G[36mâ ¹[39m Generating browser application bundles (phase: emitting)...[2K[1G[32mâœ”[39m Browser application bundle generation complete.
[37m[39m
[37m[0m[1mInitial Chunk Files[22m      [2m | [22m[1mNames[22m       [2m | [22m[1mRaw Size[22m[0m[39m
[37m[0m[92mruntime.js[39m[37m               [2m | [22mruntime     [2m | [22m[96m12.61 kB[39m[37m[2m | [22m[0m[39m
[37m[0m[0m[39m
[37m[0m[1mLazy Chunk Files[22m         [2m | [22m[1mNames[22m       [2m | [22m[1mRaw Size[22m[0m[39m
[37m[0m[92mlibs_auth_src_index_ts.js[39m[37m[2m | [22mdeb-gpt-auth[2m | [22m [96m6.16 kB[39m[37m[2m | [22m[0m[39m
[37m[0m[0m[39m
[37m[0m5 unchanged chunks[0m[39m
[37m[0m[0m[39m
[37m[0mBuild at: [1m[37m2024-01-07T12:36:30.495Z[39m[37m[22m - Hash: [1m[37m4daf366322f8f9ad[39m[37m[22m - Time: [1m[37m219[39m[37m[22mms[0m[39m
[37m[39m
[37m[92mâœ”[39m[37m Compiled successfully.[39m
[36mâ ‹[39m Generating browser application bundles...[2K[1G[36mâ ™[39m Generating browser application bundles (phase: building)...[2K[1G[36mâ ¹[39m Generating browser application bundles (phase: emitting)...[2K[1G[32mâœ”[39m Browser application bundle generation complete.
[37m[39m
[37m[0m[1mInitial Chunk Files[22m      [2m | [22m[1mNames[22m       [2m | [22m[1mRaw Size[22m[0m[39m
[37m[0m[92mruntime.js[39m[37m               [2m | [22mruntime     [2m | [22m[96m12.61 kB[39m[37m[2m | [22m[0m[39m
[37m[0m[0m[39m
[37m[0m[1mLazy Chunk Files[22m         [2m | [22m[1mNames[22m       [2m | [22m[1mRaw Size[22m[0m[39m
[37m[0m[92mlibs_auth_src_index_ts.js[39m[37m[2m | [22mdeb-gpt-auth[2m | [22m [96m6.07 kB[39m[37m[2m | [22m[0m[39m
[37m[0m[0m[39m
[37m[0m5 unchanged chunks[0m[39m
[37m[0m[0m[39m
[37m[0mBuild at: [1m[37m2024-01-07T12:36:37.621Z[39m[37m[22m - Hash: [1m[37m2b1bf4d35ceb6142[39m[37m[22m - Time: [1m[37m212[39m[37m[22mms[0m[39m
[37m[39m
[37m[92mâœ”[39m[37m Compiled successfully.[39m
[36mâ ‹[39m Generating browser application bundles...[2K[1G[36mâ ™[39m Generating browser application bundles (phase: building)...[2K[1G[36mâ ¹[39m Generating browser application bundles (phase: sealing)...[2K[1G[32mâœ”[39m Browser application bundle generation complete.
[37m[39m
[37m[0m[1mInitial Chunk Files[22m      [2m | [22m[1mNames[22m       [2m | [22m[1mRaw Size[22m[0m[39m
[37m[0m[92mruntime.js[39m[37m               [2m | [22mruntime     [2m | [22m[96m12.61 kB[39m[37m[2m | [22m[0m[39m
[37m[0m[0m[39m
[37m[0m[1mLazy Chunk Files[22m         [2m | [22m[1mNames[22m       [2m | [22m[1mRaw Size[22m[0m[39m
[37m[0m[92mlibs_auth_src_index_ts.js[39m[37m[2m | [22mdeb-gpt-auth[2m | [22m [96m4.57 kB[39m[37m[2m | [22m[0m[39m
[37m[0m[0m[39m
[37m[0m5 unchanged chunks[0m[39m
[37m[0m[0m[39m
[37m[0mBuild at: [1m[37m2024-01-07T12:37:48.299Z[39m[37m[22m - Hash: [1m[37m83419aa054f095fd[39m[37m[22m - Time: [1m[37m369[39m[37m[22mms[0m[39m
[1m[31m[39m[22m
[1m[31m[0m[91mError: [39m[31m[0m[96mlibs/auth/src/lib/auth-dashboard/auth-dashboard.component.ts[0m:[93m6[0m:[93m3[0m - [91merror[0m[90m TS2322: [0mType '(string | undefined)[]' is not assignable to type 'string[]'.[39m[22m
[1m[31m  Type 'string | undefined' is not assignable to type 'string'.[39m[22m
[1m[31m    Type 'undefined' is not assignable to type 'string'.[39m[22m
[1m[31m[39m[22m
[1m[31m[7m6[0m   styleUrls: [,'./auth-dashboard.component.scss'],[39m[22m
[1m[31m[7m [0m [91m  ~~~~~~~~~[0m[39m[22m
[1m[31m[39m[22m
[1m[31m  [96mnode_modules/@angular/core/index.d.ts[0m:[93m1006[0m:[93m5[0m[39m[22m
[1m[31m    [7m1006[0m     styleUrls?: string[];[39m[22m
[1m[31m    [7m    [0m [96m    ~~~~~~~~~[0m[39m[22m
[1m[31m    The expected type comes from property 'styleUrls' which is declared here on type 'Component'[39m[22m
[1m[31m[39m[22m
[1m[31m[39m[22m
[1m[31m[0m[91mError: [39m[31m[0m[96mlibs/auth/src/lib/auth-dashboard/auth-dashboard.component.ts[0m:[93m6[0m:[93m15[0m - [91merror[0m[90m NG1010: [0mstyleUrl must be a string[39m[22m
[1m[31m  Value could not be determined statically.[39m[22m
[1m[31m[39m[22m
[1m[31m[7m6[0m   styleUrls: [,'./auth-dashboard.component.scss'],[39m[22m
[1m[31m[7m [0m [91m              [0m[39m[22m
[1m[31m[39m[22m
[1m[31m  [96mlibs/auth/src/lib/auth-dashboard/auth-dashboard.component.ts[0m:[93m6[0m:[93m15[0m[39m[22m
[1m[31m    [7m6[0m   styleUrls: [,'./auth-dashboard.component.scss'],[39m[22m
[1m[31m    [7m [0m [96m              [0m[39m[22m
[1m[31m    This syntax is not supported.[39m[22m
[1m[31m[39m[22m
[1m[31m[39m[22m
[1m[31m[0m[91mError: [39m[31m[0m[96mlibs/auth/src/lib/auth.module.ts[0m:[93m9[0m:[93m18[0m - [91merror[0m[90m NG6001: [0mThe class 'AuthDashboardComponent' is listed in the declarations of the NgModule 'AuthModule', but is not a directive, a component, or a pipe. Either remove it from the NgModule's declarations, or add an appropriate Angular decorator.[39m[22m
[1m[31m[39m[22m
[1m[31m[7m9[0m   declarations: [AuthDashboardComponent],[39m[22m
[1m[31m[7m [0m [91m                 ~~~~~~~~~~~~~~~~~~~~~~[0m[39m[22m
[1m[31m[39m[22m
[1m[31m  [96mlibs/auth/src/lib/auth-dashboard/auth-dashboard.component.ts[0m:[93m8[0m:[93m14[0m[39m[22m
[1m[31m    [7m8[0m export class AuthDashboardComponent {}[39m[22m
[1m[31m    [7m [0m [96m             ~~~~~~~~~~~~~~~~~~~~~~[0m[39m[22m
[1m[31m    'AuthDashboardComponent' is declared here.[39m[22m
[1m[31m[39m[22m
[1m[31m[39m[22m
[1m[31m[39m[22m
[37m[39m
[37m[91mâœ–[39m[37m Failed to compile.[39m
[36mâ ‹[39m Generating browser application bundles...[2K[1G[36mâ ™[39m Generating browser application bundles (phase: building)...[2K[1G[32mâœ”[39m Browser application bundle generation complete.
[37m[39m
[37m[0m[1mInitial Chunk Files[22m      [2m | [22m[1mNames[22m       [2m | [22m[1mRaw Size[22m[0m[39m
[37m[0m[92mruntime.js[39m[37m               [2m | [22mruntime     [2m | [22m[96m12.61 kB[39m[37m[2m | [22m[0m[39m
[37m[0m[0m[39m
[37m[0m[1mLazy Chunk Files[22m         [2m | [22m[1mNames[22m       [2m | [22m[1mRaw Size[22m[0m[39m
[37m[0m[92mlibs_auth_src_index_ts.js[39m[37m[2m | [22mdeb-gpt-auth[2m | [22m [96m6.21 kB[39m[37m[2m | [22m[0m[39m
[37m[0m[0m[39m
[37m[0m5 unchanged chunks[0m[39m
[37m[0m[0m[39m
[37m[0mBuild at: [1m[37m2024-01-07T12:37:49.712Z[39m[37m[22m - Hash: [1m[37m0df14ff7942bb244[39m[37m[22m - Time: [1m[37m223[39m[37m[22mms[0m[39m
[1m[31m[39m[22m
[1m[31m[0m[91mError: [39m[31m[0mModule not found: Error: Can't resolve '/Users/debanilguha/Desktop/Projects/DEB-GPT Full Stack/deb-gpt/libs/auth/src/lib/auth-dashboard?ngResource' in '/Users/debanilguha/Desktop/Projects/DEB-GPT Full Stack/deb-gpt'[39m[22m
[1m[31m[39m[22m
[1m[31m[0m[91mError: [39m[31m[0mThe loader "/Users/debanilguha/Desktop/Projects/DEB-GPT Full Stack/deb-gpt/libs/auth/src/lib/auth-dashboard" didn't return a string.[39m[22m
[1m[31m[39m[22m
[1m[31m[39m[22m
[37m[39m
[37m[91mâœ–[39m[37m Failed to compile.[39m
[36mâ ‹[39m Generating browser application bundles...[2K[1G[36mâ ™[39m Generating browser application bundles (phase: building)...[2K[1G[32mâœ”[39m Browser application bundle generation complete.
[37m[39m
[37m[0m[1mInitial Chunk Files[22m      [2m | [22m[1mNames[22m       [2m | [22m[1mRaw Size[22m[0m[39m
[37m[0m[92mruntime.js[39m[37m               [2m | [22mruntime     [2m | [22m[96m12.61 kB[39m[37m[2m | [22m[0m[39m
[37m[0m[0m[39m
[37m[0m[1mLazy Chunk Files[22m         [2m | [22m[1mNames[22m       [2m | [22m[1mRaw Size[22m[0m[39m
[37m[0m[92mlibs_auth_src_index_ts.js[39m[37m[2m | [22mdeb-gpt-auth[2m | [22m [96m6.21 kB[39m[37m[2m | [22m[0m[39m
[37m[0m[0m[39m
[37m[0m5 unchanged chunks[0m[39m
[37m[0m[0m[39m
[37m[0mBuild at: [1m[37m2024-01-07T12:37:51.288Z[39m[37m[22m - Hash: [1m[37ma04795c13d371370[39m[37m[22m - Time: [1m[37m200[39m[37m[22mms[0m[39m
[1m[31m[39m[22m
[1m[31m[0m[91mError: [39m[31m[0mModule not found: Error: Can't resolve '/Users/debanilguha/Desktop/Projects/DEB-GPT Full Stack/deb-gpt/libs/auth/src/lib/auth-dashboard/?ngResource' in '/Users/debanilguha/Desktop/Projects/DEB-GPT Full Stack/deb-gpt'[39m[22m
[1m[31m[39m[22m
[1m[31m[0m[91mError: [39m[31m[0mThe loader "/Users/debanilguha/Desktop/Projects/DEB-GPT Full Stack/deb-gpt/libs/auth/src/lib/auth-dashboard/" didn't return a string.[39m[22m
[1m[31m[39m[22m
[1m[31m[39m[22m
[37m[39m
[37m[91mâœ–[39m[37m Failed to compile.[39m
[36mâ ‹[39m Generating browser application bundles...[2K[1G[36mâ ™[39m Generating browser application bundles (phase: building)...[2K[1G[32mâœ”[39m Browser application bundle generation complete.
[37m[39m
[37m[0m[1mInitial Chunk Files[22m      [2m | [22m[1mNames[22m       [2m | [22m[1mRaw Size[22m[0m[39m
[37m[0m[92mruntime.js[39m[37m               [2m | [22mruntime     [2m | [22m[96m12.61 kB[39m[37m[2m | [22m[0m[39m
[37m[0m[0m[39m
[37m[0m[1mLazy Chunk Files[22m         [2m | [22m[1mNames[22m       [2m | [22m[1mRaw Size[22m[0m[39m
[37m[0m[92mlibs_auth_src_index_ts.js[39m[37m[2m | [22mdeb-gpt-auth[2m | [22m [96m6.21 kB[39m[37m[2m | [22m[0m[39m
[37m[0m[0m[39m
[37m[0m5 unchanged chunks[0m[39m
[37m[0m[0m[39m
[37m[0mBuild at: [1m[37m2024-01-07T12:37:54.652Z[39m[37m[22m - Hash: [1m[37m1ba98dc9290c2aff[39m[37m[22m - Time: [1m[37m167[39m[37m[22mms[0m[39m
[1m[31m[39m[22m
[1m[31m[0m[91mError: [39m[31m[0mModule not found: Error: Can't resolve '/Users/debanilguha/Desktop/Projects/DEB-GPT Full Stack/deb-gpt/libs/auth/src/lib/auth-dashboard/a?ngResource' in '/Users/debanilguha/Desktop/Projects/DEB-GPT Full Stack/deb-gpt'[39m[22m
[1m[31m[39m[22m
[1m[31m[0m[91mError: [39m[31m[0mThe loader "/Users/debanilguha/Desktop/Projects/DEB-GPT Full Stack/deb-gpt/libs/auth/src/lib/auth-dashboard/a" didn't return a string.[39m[22m
[1m[31m[39m[22m
[1m[31m[39m[22m
[37m[39m
[37m[91mâœ–[39m[37m Failed to compile.[39m
[36mâ ‹[39m Generating browser application bundles...[2K[1G[36mâ ™[39m Generating browser application bundles (phase: building)...[2K[1G[32mâœ”[39m Browser application bundle generation complete.
[37m[39m
[37m[0m[1mInitial Chunk Files[22m      [2m | [22m[1mNames[22m       [2m | [22m[1mRaw Size[22m[0m[39m
[37m[0m[92mruntime.js[39m[37m               [2m | [22mruntime     [2m | [22m[96m12.61 kB[39m[37m[2m | [22m[0m[39m
[37m[0m[0m[39m
[37m[0m[1mLazy Chunk Files[22m         [2m | [22m[1mNames[22m       [2m | [22m[1mRaw Size[22m[0m[39m
[37m[0m[92mlibs_auth_src_index_ts.js[39m[37m[2m | [22mdeb-gpt-auth[2m | [22m [96m6.21 kB[39m[37m[2m | [22m[0m[39m
[37m[0m[0m[39m
[37m[0m5 unchanged chunks[0m[39m
[37m[0m[0m[39m
[37m[0mBuild at: [1m[37m2024-01-07T12:37:57.718Z[39m[37m[22m - Hash: [1m[37m6de4ba33e803a2c0[39m[37m[22m - Time: [1m[37m202[39m[37m[22mms[0m[39m
[1m[31m[39m[22m
[1m[31m[0m[91mError: [39m[31m[0mModule not found: Error: Can't resolve '/Users/debanilguha/Desktop/Projects/DEB-GPT Full Stack/deb-gpt/libs/auth/src/lib/?ngResource' in '/Users/debanilguha/Desktop/Projects/DEB-GPT Full Stack/deb-gpt'[39m[22m
[1m[31m[39m[22m
[1m[31m[0m[91mError: [39m[31m[0mThe loader "/Users/debanilguha/Desktop/Projects/DEB-GPT Full Stack/deb-gpt/libs/auth/src/lib/" didn't return a string.[39m[22m
[1m[31m[39m[22m
[1m[31m[39m[22m
[37m[39m
[37m[91mâœ–[39m[37m Failed to compile.[39m
[36mâ ‹[39m Generating browser application bundles...[2K[1G[36mâ ™[39m Generating browser application bundles (phase: sealing)...[2K[1G[32mâœ”[39m Browser application bundle generation complete.
[37m[39m
[37m[0m[1mInitial Chunk Files[22m      [2m | [22m[1mNames[22m       [2m | [22m[1mRaw Size[22m[0m[39m
[37m[0m[92mruntime.js[39m[37m               [2m | [22mruntime     [2m | [22m[96m12.61 kB[39m[37m[2m | [22m[0m[39m
[37m[0m[0m[39m
[37m[0m[1mLazy Chunk Files[22m         [2m | [22m[1mNames[22m       [2m | [22m[1mRaw Size[22m[0m[39m
[37m[0m[92mlibs_auth_src_index_ts.js[39m[37m[2m | [22mdeb-gpt-auth[2m | [22m [96m6.21 kB[39m[37m[2m | [22m[0m[39m
[37m[0m[0m[39m
[37m[0m5 unchanged chunks[0m[39m
[37m[0m[0m[39m
[37m[0mBuild at: [1m[37m2024-01-07T12:37:59.288Z[39m[37m[22m - Hash: [1m[37meef91dac3b42a7ec[39m[37m[22m - Time: [1m[37m125[39m[37m[22mms[0m[39m
[1m[31m[39m[22m
[1m[31m[0m[91mError: [39m[31m[0mModule not found: Error: Can't resolve '/Users/debanilguha/Desktop/Projects/DEB-GPT Full Stack/deb-gpt/libs/auth/src/lib/auth-dashboard?ngResource' in '/Users/debanilguha/Desktop/Projects/DEB-GPT Full Stack/deb-gpt'[39m[22m
[1m[31m[39m[22m
[1m[31m[0m[91mError: [39m[31m[0mThe loader "/Users/debanilguha/Desktop/Projects/DEB-GPT Full Stack/deb-gpt/libs/auth/src/lib/auth-dashboard" didn't return a string.[39m[22m
[1m[31m[39m[22m
[1m[31m[39m[22m
[37m[39m
[37m[91mâœ–[39m[37m Failed to compile.[39m
[36mâ ‹[39m Generating browser application bundles...[2K[1G[36mâ ™[39m Generating browser application bundles (phase: sealing)...[2K[1G[32mâœ”[39m Browser application bundle generation complete.
[37m[39m
[37m[0m[1mInitial Chunk Files[22m      [2m | [22m[1mNames[22m       [2m | [22m[1mRaw Size[22m[0m[39m
[37m[0m[92mruntime.js[39m[37m               [2m | [22mruntime     [2m | [22m[96m12.61 kB[39m[37m[2m | [22m[0m[39m
[37m[0m[0m[39m
[37m[0m[1mLazy Chunk Files[22m         [2m | [22m[1mNames[22m       [2m | [22m[1mRaw Size[22m[0m[39m
[37m[0m[92mlibs_auth_src_index_ts.js[39m[37m[2m | [22mdeb-gpt-auth[2m | [22m [96m6.07 kB[39m[37m[2m | [22m[0m[39m
[37m[0m[0m[39m
[37m[0m5 unchanged chunks[0m[39m
[37m[0m[0m[39m
[37m[0mBuild at: [1m[37m2024-01-07T12:38:01.158Z[39m[37m[22m - Hash: [1m[37mf13cedc71920d70c[39m[37m[22m - Time: [1m[37m155[39m[37m[22mms[0m[39m
[37m[39m
[37m[92mâœ”[39m[37m Compiled successfully.[39m
[36mâ ‹[39m Generating browser application bundles...[2K[1G[36mâ ™[39m Generating browser application bundles (phase: building)...[2K[1G[36mâ ¹[39m Generating browser application bundles (phase: sealing)...[2K[1G[32mâœ”[39m Browser application bundle generation complete.
[37m[39m
[37m[0m[1mInitial Chunk Files[22m      [2m | [22m[1mNames[22m       [2m | [22m[1mRaw Size[22m[0m[39m
[37m[0m[92mruntime.js[39m[37m               [2m | [22mruntime     [2m | [22m[96m12.61 kB[39m[37m[2m | [22m[0m[39m
[37m[0m[0m[39m
[37m[0m[1mLazy Chunk Files[22m         [2m | [22m[1mNames[22m       [2m | [22m[1mRaw Size[22m[0m[39m
[37m[0m[92mlibs_auth_src_index_ts.js[39m[37m[2m | [22mdeb-gpt-auth[2m | [22m [96m4.61 kB[39m[37m[2m | [22m[0m[39m
[37m[0m[0m[39m
[37m[0m5 unchanged chunks[0m[39m
[37m[0m[0m[39m
[37m[0mBuild at: [1m[37m2024-01-07T12:38:22.540Z[39m[37m[22m - Hash: [1m[37mee929dd3d01c1cbb[39m[37m[22m - Time: [1m[37m311[39m[37m[22mms[0m[39m
[1m[31m[39m[22m
[1m[31m[0m[91mError: [39m[31m[0m[96mlibs/auth/src/lib/auth-dashboard/auth-dashboard.component.ts[0m:[93m7[0m:[93m18[0m - [91merror[0m[90m NG1010: [0mencapsulation must be a member of ViewEncapsulation enum from @angular/core[39m[22m
[1m[31m  Value could not be determined statically.[39m[22m
[1m[31m[39m[22m
[1m[31m[7m7[0m   encapsulation: ViewEncapsulation.None[39m[22m
[1m[31m[7m [0m [91m                 ~~~~~~~~~~~~~~~~~~~~~~[0m[39m[22m
[1m[31m[39m[22m
[1m[31m  [96mlibs/auth/src/lib/auth-dashboard/auth-dashboard.component.ts[0m:[93m7[0m:[93m18[0m[39m[22m
[1m[31m    [7m7[0m   encapsulation: ViewEncapsulation.None[39m[22m
[1m[31m    [7m [0m [96m                 ~~~~~~~~~~~~~~~~~[0m[39m[22m
[1m[31m    Unknown reference.[39m[22m
[1m[31m[39m[22m
[1m[31m[39m[22m
[1m[31m[0m[91mError: [39m[31m[0m[96mlibs/auth/src/lib/auth-dashboard/auth-dashboard.component.ts[0m:[93m7[0m:[93m18[0m - [91merror[0m[90m TS2304: [0mCannot find name 'ViewEncapsulation'.[39m[22m
[1m[31m[39m[22m
[1m[31m[7m7[0m   encapsulation: ViewEncapsulation.None[39m[22m
[1m[31m[7m [0m [91m                 ~~~~~~~~~~~~~~~~~[0m[39m[22m
[1m[31m[39m[22m
[1m[31m[39m[22m
[1m[31m[0m[91mError: [39m[31m[0m[96mlibs/auth/src/lib/auth.module.ts[0m:[93m9[0m:[93m18[0m - [91merror[0m[90m NG6001: [0mThe class 'AuthDashboardComponent' is listed in the declarations of the NgModule 'AuthModule', but is not a directive, a component, or a pipe. Either remove it from the NgModule's declarations, or add an appropriate Angular decorator.[39m[22m
[1m[31m[39m[22m
[1m[31m[7m9[0m   declarations: [AuthDashboardComponent],[39m[22m
[1m[31m[7m [0m [91m                 ~~~~~~~~~~~~~~~~~~~~~~[0m[39m[22m
[1m[31m[39m[22m
[1m[31m  [96mlibs/auth/src/lib/auth-dashboard/auth-dashboard.component.ts[0m:[93m9[0m:[93m14[0m[39m[22m
[1m[31m    [7m9[0m export class AuthDashboardComponent {}[39m[22m
[1m[31m    [7m [0m [96m             ~~~~~~~~~~~~~~~~~~~~~~[0m[39m[22m
[1m[31m    'AuthDashboardComponent' is declared here.[39m[22m
[1m[31m[39m[22m
[1m[31m[39m[22m
[1m[31m[39m[22m
[37m[39m
[37m[91mâœ–[39m[37m Failed to compile.[39m
[36mâ ‹[39m Generating browser application bundles...[2K[1G[36mâ ™[39m Generating browser application bundles (phase: building)...[2K[1G[32mâœ”[39m Browser application bundle generation complete.
[37m[39m
[37m[0m[1mInitial Chunk Files[22m      [2m | [22m[1mNames[22m       [2m | [22m[1mRaw Size[22m[0m[39m
[37m[0m[92mruntime.js[39m[37m               [2m | [22mruntime     [2m | [22m[96m12.61 kB[39m[37m[2m | [22m[0m[39m
[37m[0m[0m[39m
[37m[0m[1mLazy Chunk Files[22m         [2m | [22m[1mNames[22m       [2m | [22m[1mRaw Size[22m[0m[39m
[37m[0m[92mlibs_auth_src_index_ts.js[39m[37m[2m | [22mdeb-gpt-auth[2m | [22m[96m12.12 kB[39m[37m[2m | [22m[0m[39m
[37m[0m[0m[39m
[37m[0m5 unchanged chunks[0m[39m
[37m[0m[0m[39m
[37m[0mBuild at: [1m[37m2024-01-07T12:38:28.963Z[39m[37m[22m - Hash: [1m[37mecf6190e66ec0ffd[39m[37m[22m - Time: [1m[37m175[39m[37m[22mms[0m[39m
[1m[31m[39m[22m
[1m[31m[0m[36m./libs/auth/src/lib/auth-dashboard/auth-dashboard.component.ts[39m[31m[0m - [0m[91mError: [39m[31m[0mModule build failed (from ./node_modules/@angular-devkit/build-angular/src/tools/babel/webpack-loader.js):[39m[22m
[1m[31mSyntaxError: /Users/debanilguha/Desktop/Projects/DEB-GPT Full Stack/deb-gpt/libs/auth/src/lib/auth-dashboard/auth-dashboard.component.ts: Unexpected token (10:58)[39m[22m
[1m[31m[39m[22m
[1m[31m[0m [90m  8 |[39m[31m         templateUrl[33m:[39m[31m [32m'./auth-dashboard.component.html'[39m[31m[33m,[39m[31m[0m[39m[22m
[1m[31m[0m [90m  9 |[39m[31m         styleUrls[33m:[39m[31m [[32m'./auth-dashboard.component.scss'[39m[31m][33m,[39m[31m[0m[39m[22m
[1m[31m[0m[31m[1m>[22m[1m[39m[31m[90m 10 |[39m[31m         encapsulation[33m:[39m[31m [33mViewEnca[39m[31m [90m/*  */[39m[31m[33m,[39m[31m [90m/*  */[39m[31m psulation[33m,[39m[31m [33m:[39m[31m [33m.[39m[31m[33mNone[39m[31m[0m[39m[22m
[1m[31m[0m [90m    |[39m[31m                                                           [31m[1m^[22m[1m[39m[31m[0m[39m[22m
[1m[31m[0m [90m 11 |[39m[31m     })[0m[39m[22m
[1m[31m[0m [90m 12 |[39m[31m ][33m,[39m[31m [33mAuthDashboardComponent[39m[31m)[33m;[39m[31m[0m[39m[22m
[1m[31m[0m [90m 13 |[39m[31m[0m[39m[22m
[1m[31m[39m[22m
[1m[31m[0m[91mError: [39m[31m[0m[96mlibs/auth/src/lib/auth-dashboard/auth-dashboard.component.ts[0m:[93m7[0m:[93m18[0m - [91merror[0m[90m NG1010: [0mencapsulation must be a member of ViewEncapsulation enum from @angular/core[39m[22m
[1m[31m  Value could not be determined statically.[39m[22m
[1m[31m[39m[22m
[1m[31m[7m7[0m   encapsulation: ViewEnca/*  */psulation.None[39m[22m
[1m[31m[7m [0m [91m                 ~~~~~~~~[0m[39m[22m
[1m[31m[39m[22m
[1m[31m  [96mlibs/auth/src/lib/auth-dashboard/auth-dashboard.component.ts[0m:[93m7[0m:[93m18[0m[39m[22m
[1m[31m    [7m7[0m   encapsulation: ViewEnca/*  */psulation.None[39m[22m
[1m[31m    [7m [0m [96m                 ~~~~~~~~[0m[39m[22m
[1m[31m    Unknown reference.[39m[22m
[1m[31m[39m[22m
[1m[31m[39m[22m
[1m[31m[0m[91mError: [39m[31m[0m[96mlibs/auth/src/lib/auth-dashboard/auth-dashboard.component.ts[0m:[93m7[0m:[93m18[0m - [91merror[0m[90m TS2304: [0mCannot find name 'ViewEnca'.[39m[22m
[1m[31m[39m[22m
[1m[31m[7m7[0m   encapsulation: ViewEnca/*  */psulation.None[39m[22m
[1m[31m[7m [0m [91m                 ~~~~~~~~[0m[39m[22m
[1m[31m[39m[22m
[1m[31m[39m[22m
[1m[31m[0m[91mError: [39m[31m[0m[96mlibs/auth/src/lib/auth-dashboard/a[39m[22m[1m[31muth-dashboard.component.ts[0m:[93m7[0m:[93m32[0m - [91merror[0m[90m TS1005: [0m',' expected.[39m[22m
[1m[31m[39m[22m
[1m[31m[7m7[0m   encapsulation: ViewEnca/*  */psulation.None[39m[22m
[1m[31m[7m [0m [91m                               ~~~~~~~~~[0m[39m[22m
[1m[31m[39m[22m
[1m[31m[39m[22m
[1m[31m[0m[91mError: [39m[31m[0m[96mlibs/auth/src/lib/auth-dashboard/auth-dashboard.component.ts[0m:[93m7[0m:[93m32[0m - [91merror[0m[90m TS2345: [0mArgument of type '{ selector: string; templateUrl: string; styleUrls: string[]; encapsulation: any; psulation: any; "": any; }' is not assignable to parameter of type 'Component'.[39m[22m
[1m[31m  Object literal may only specify known properties, and 'psulation' does not exist in type 'Component'.[39m[22m
[1m[31m[39m[22m
[1m[31m[7m7[0m   encapsulation: ViewEnca/*  */psulation.None[39m[22m
[1m[31m[7m [0m [91m                               ~~~~~~~~~[0m[39m[22m
[1m[31m[39m[22m
[1m[31m[39m[22m
[1m[31m[0m[91mError: [39m[31m[0m[96mlibs/auth/src/lib/auth-dashboard/auth-dashboard.component.ts[0m:[93m7[0m:[93m32[0m - [91merror[0m[90m TS18004: [0mNo value exists in scope for the shorthand property 'psulation'. Either declare one or provide an initializer.[39m[22m
[1m[31m[39m[22m
[1m[31m[7m7[0m   encapsulation: ViewEnca/*  */psulation.None[39m[22m
[1m[31m[7m [0m [91m                               ~~~~~~~~~[0m[39m[22m
[1m[31m[39m[22m
[1m[31m[39m[22m
[1m[31m[0m[91mError: [39m[31m[0m[96mlibs/auth/src/lib/auth-dashboard/auth-dashboard.component.ts[0m:[93m7[0m:[93m41[0m - [91merror[0m[90m TS1005: [0m',' expected.[39m[22m
[1m[31m[39m[22m
[1m[31m[7m7[0m   encapsulation: ViewEnca/*  */psulation.None[39m[22m
[1m[31m[7m [0m [91m                                        ~[0m[39m[22m
[1m[31m[39m[22m
[1m[31m[39m[22m
[1m[31m[0m[91mError: [39m[31m[0m[96mlibs/auth/src/lib/auth.module.ts[0m:[93m9[0m:[93m18[0m - [91merror[0m[90m NG6001: [0mThe class 'AuthDashboardComponent' is listed in the declarations of the NgModule 'AuthModule', but is not a directive, a component, or a pipe. Either remove it from the NgModule's declarations, or add an appropriate Angular decorator.[39m[22m
[1m[31m[39m[22m
[1m[31m[7m9[0m   declarations: [AuthDashboardComponent],[39m[22m
[1m[31m[7m [0m [91m                 ~~~~~~~~~~~~~~~~~~~~~~[0m[39m[22m
[1m[31m[39m[22m
[1m[31m  [96mlibs/auth/src/lib/auth-dashboard/auth-dashboard.component.ts[0m:[93m9[0m:[39m[22m[1m[31m[93m14[0m[39m[22m
[1m[31m    [7m9[0m export class AuthDashboardComponent {}[39m[22m
[1m[31m    [7m [0m [96m             ~~~~~~~~~~~~~~~~~~~~~~[0m[39m[22m
[1m[31m    'AuthDashboardComponent' is declared here.[39m[22m
[1m[31m[39m[22m
[1m[31m[39m[22m
[1m[31m[39m[22m
[37m[39m
[37m[91mâœ–[39m[37m Failed to compile.[39m
[36mâ ‹[39m Generating browser application bundles...[2K[1G[36mâ ™[39m Generating browser application bundles (phase: building)...[2K[1G[32mâœ”[39m Browser application bundle generation complete.
[37m[39m
[37m[0m[1mInitial Chunk Files[22m      [2m | [22m[1mNames[22m       [2m | [22m[1mRaw Size[22m[0m[39m
[37m[0m[92mruntime.js[39m[37m               [2m | [22mruntime     [2m | [22m[96m12.61 kB[39m[37m[2m | [22m[0m[39m
[37m[0m[0m[39m
[37m[0m[1mLazy Chunk Files[22m         [2m | [22m[1mNames[22m       [2m | [22m[1mRaw Size[22m[0m[39m
[37m[0m[92mlibs_auth_src_index_ts.js[39m[37m[2m | [22mdeb-gpt-auth[2m | [22m [96m4.61 kB[39m[37m[2m | [22m[0m[39m
[37m[0m[0m[39m
[37m[0m5 unchanged chunks[0m[39m
[37m[0m[0m[39m
[37m[0mBuild at: [1m[37m2024-01-07T12:38:30.159Z[39m[37m[22m - Hash: [1m[37md1d8699fab0e033c[39m[37m[22m - Time: [1m[37m174[39m[37m[22mms[0m[39m
[1m[31m[39m[22m
[1m[31m[0m[91mError: [39m[31m[0m[96mlibs/auth/src/lib/auth-dashboard/auth-dashboard.component.ts[0m:[93m7[0m:[93m18[0m - [91merror[0m[90m NG1010: [0mencapsulation must be a member of ViewEncapsulation enum from @angular/core[39m[22m
[1m[31m  Value could not be determined statically.[39m[22m
[1m[31m[39m[22m
[1m[31m[7m7[0m   encapsulation: ViewEncapsulation.None[39m[22m
[1m[31m[7m [0m [91m                 ~~~~~~~~~~~~~~~~~~~~~~[0m[39m[22m
[1m[31m[39m[22m
[1m[31m  [96mlibs/auth/src/lib/auth-dashboard/auth-dashboard.component.ts[0m:[93m7[0m:[93m18[0m[39m[22m
[1m[31m    [7m7[0m   encapsulation: ViewEncapsulation.None[39m[22m
[1m[31m    [7m [0m [96m                 ~~~~~~~~~~~~~~~~~[0m[39m[22m
[1m[31m    Unknown reference.[39m[22m
[1m[31m[39m[22m
[1m[31m[39m[22m
[1m[31m[0m[91mError: [39m[31m[0m[96mlibs/auth/src/lib/auth-dashboard/auth-dashboard.component.ts[0m:[93m7[0m:[93m18[0m - [91merror[0m[90m TS2304: [0mCannot find name 'ViewEncapsulation'.[39m[22m
[1m[31m[39m[22m
[1m[31m[7m7[0m   encapsulation: ViewEncapsulation.None[39m[22m
[1m[31m[7m [0m [91m                 ~~~~~~~~~~~~~~~~~[0m[39m[22m
[1m[31m[39m[22m
[1m[31m[39m[22m
[1m[31m[0m[91mError: [39m[31m[0m[96mlibs/auth/src/lib/auth.module.ts[0m:[93m9[0m:[93m18[0m - [91merror[0m[90m NG6001: [0mThe class 'AuthDashboardComponent' is listed in the declarations of the NgModule 'AuthModule', but is not a directive, a component, or a pipe. Either remove it from the NgModule's declarations, or add an appropriate Angular decorator.[39m[22m
[1m[31m[39m[22m
[1m[31m[7m9[0m   declarations: [AuthDashboardComponent],[39m[22m
[1m[31m[7m [0m [91m                 ~~~~~~~~~~~~~~~~~~~~~~[0m[39m[22m
[1m[31m[39m[22m
[1m[31m  [96mlibs/auth/src/lib/auth-dashboard/auth-dashboard.component.ts[0m:[93m9[0m:[93m14[0m[39m[22m
[1m[31m    [7m9[0m export class AuthDashboardComponent {}[39m[22m
[1m[31m    [7m [0m [96m             ~~~~~~~~~~~~~~~~~~~~~~[0m[39m[22m
[1m[31m    'AuthDashboardComponent' is declared here.[39m[22m
[1m[31m[39m[22m
[1m[31m[39m[22m
[1m[31m[39m[22m
[37m[39m
[37m[91mâœ–[39m[37m Failed to compile.[39m
[36mâ ‹[39m Generating browser application bundles...[2K[1G[36mâ ™[39m Generating browser application bundles (phase: sealing)...[2K[1G[32mâœ”[39m Browser application bundle generation complete.
[37m[39m
[37m[0m[1mInitial Chunk Files[22m      [2m | [22m[1mNames[22m       [2m | [22m[1mRaw Size[22m[0m[39m
[37m[0m[92mruntime.js[39m[37m               [2m | [22mruntime     [2m | [22m[96m12.61 kB[39m[37m[2m | [22m[0m[39m
[37m[0m[0m[39m
[37m[0m[1mLazy Chunk Files[22m         [2m | [22m[1mNames[22m       [2m | [22m[1mRaw Size[22m[0m[39m
[37m[0m[92mlibs_auth_src_index_ts.js[39m[37m[2m | [22mdeb-gpt-auth[2m | [22m [96m6.08 kB[39m[37m[2m | [22m[0m[39m
[37m[0m[0m[39m
[37m[0m5 unchanged chunks[0m[39m
[37m[0m[0m[39m
[37m[0mBuild at: [1m[37m2024-01-07T12:38:37.362Z[39m[37m[22m - Hash: [1m[37m2bf1cd202ab9ed18[39m[37m[22m - Time: [1m[37m168[39m[37m[22mms[0m[39m
[37m[39m
[37m[92mâœ”[39m[37m Compiled successfully.[39m
[36mâ ‹[39m Generating browser application bundles...[2K[1G[36mâ ™[39m Generating browser application bundles (phase: building)...[2K[1G[36mâ ¹[39m Generating browser application bundles (phase: emitting)...[2K[1G[32mâœ”[39m Browser application bundle generation complete.
[37m[39m
[37m[0m[1mInitial Chunk Files[22m      [2m | [22m[1mNames[22m       [2m | [22m[1mRaw Size[22m[0m[39m
[37m[0m[92mruntime.js[39m[37m               [2m | [22mruntime     [2m | [22m[96m12.61 kB[39m[37m[2m | [22m[0m[39m
[37m[0m[0m[39m
[37m[0m[1mLazy Chunk Files[22m         [2m | [22m[1mNames[22m       [2m | [22m[1mRaw Size[22m[0m[39m
[37m[0m[92mlibs_auth_src_index_ts.js[39m[37m[2m | [22mdeb-gpt-auth[2m | [22m [96m6.08 kB[39m[37m[2m | [22m[0m[39m
[37m[0m[0m[39m
[37m[0m5 unchanged chunks[0m[39m
[37m[0m[0m[39m
[37m[0mBuild at: [1m[37m2024-01-07T12:38:52.485Z[39m[37m[22m - Hash: [1m[37m0fcc11f315d44352[39m[37m[22m - Time: [1m[37m221[39m[37m[22mms[0m[39m
[37m[39m
[37m[92mâœ”[39m[37m Compiled successfully.[39m
[36mâ ‹[39m Generating browser application bundles...[2K[1G[36mâ ™[39m Generating browser application bundles (phase: sealing)...[2K[1G[32mâœ”[39m Browser application bundle generation complete.
[37m[39m
[37m[0m[1mInitial Chunk Files[22m      [2m | [22m[1mNames[22m       [2m | [22m[1mRaw Size[22m[0m[39m
[37m[0m[92mruntime.js[39m[37m               [2m | [22mruntime     [2m | [22m[96m12.61 kB[39m[37m[2m | [22m[0m[39m
[37m[0m[0m[39m
[37m[0m[1mLazy Chunk Files[22m         [2m | [22m[1mNames[22m       [2m | [22m[1mRaw Size[22m[0m[39m
[37m[0m[92mlibs_auth_src_index_ts.js[39m[37m[2m | [22mdeb-gpt-auth[2m | [22m [96m6.16 kB[39m[37m[2m | [22m[0m[39m
[37m[0m[0m[39m
[37m[0m5 unchanged chunks[0m[39m
[37m[0m[0m[39m
[37m[0mBuild at: [1m[37m2024-01-07T12:38:55.650Z[39m[37m[22m - Hash: [1m[37me1f51eab44695c2f[39m[37m[22m - Time: [1m[37m148[39m[37m[22mms[0m[39m
[37m[39m
[37m[92mâœ”[39m[37m Compiled successfully.[39m
[36mâ ‹[39m Generating browser application bundles...[2K[1G[36mâ ™[39m Generating browser application bundles (phase: sealing)...[2K[1G[36mâ ¹[39m Generating browser application bundles (phase: emitting)...[2K[1G[32mâœ”[39m Browser application bundle generation complete.
[37m[39m
[37m[0m[1mInitial Chunk Files[22m      [2m | [22m[1mNames[22m       [2m | [22m[1mRaw Size[22m[0m[39m
[37m[0m[92mruntime.js[39m[37m               [2m | [22mruntime     [2m | [22m[96m12.61 kB[39m[37m[2m | [22m[0m[39m
[37m[0m[0m[39m
[37m[0m[1mLazy Chunk Files[22m         [2m | [22m[1mNames[22m       [2m | [22m[1mRaw Size[22m[0m[39m
[37m[0m[92mlibs_auth_src_index_ts.js[39m[37m[2m | [22mdeb-gpt-auth[2m | [22m [96m6.09 kB[39m[37m[2m | [22m[0m[39m
[37m[0m[0m[39m
[37m[0m5 unchanged chunks[0m[39m
[37m[0m[0m[39m
[37m[0mBuild at: [1m[37m2024-01-07T12:38:57.665Z[39m[37m[22m - Hash: [1m[37m16a703ad59a289e5[39m[37m[22m - Time: [1m[37m189[39m[37m[22mms[0m[39m
[37m[39m
[37m[92mâœ”[39m[37m Compiled successfully.[39m
[36mâ ‹[39m Generating browser application bundles...[2K[1G[36mâ ™[39m Generating browser application bundles (phase: building)...[2K[1G[36mâ ¹[39m Generating browser application bundles (phase: emitting)...[2K[1G[32mâœ”[39m Browser application bundle generation complete.
[37m[39m
[37m[0m[1mInitial Chunk Files[22m      [2m | [22m[1mNames[22m       [2m | [22m[1mRaw Size[22m[0m[39m
[37m[0m[92mruntime.js[39m[37m               [2m | [22mruntime     [2m | [22m[96m12.61 kB[39m[37m[2m | [22m[0m[39m
[37m[0m[0m[39m
[37m[0m[1mLazy Chunk Files[22m         [2m | [22m[1mNames[22m       [2m | [22m[1mRaw Size[22m[0m[39m
[37m[0m[92mlibs_auth_src_index_ts.js[39m[37m[2m | [22mdeb-gpt-auth[2m | [22m [96m6.04 kB[39m[37m[2m | [22m[0m[39m
[37m[0m[0m[39m
[37m[0m5 unchanged chunks[0m[39m
[37m[0m[0m[39m
[37m[0mBuild at: [1m[37m2024-01-07T12:39:08.811Z[39m[37m[22m - Hash: [1m[37m8007dfeb699e77b7[39m[37m[22m - Time: [1m[37m204[39m[37m[22mms[0m[39m
[37m[39m
[37m[92mâœ”[39m[37m Compiled successfully.[39m
[36mâ ‹[39m Generating browser application bundles...[2K[1G[36mâ ™[39m Generating browser application bundles (phase: sealing)...[2K[1G[36mâ ¹[39m Generating browser application bundles (phase: emitting)...[2K[1G[32mâœ”[39m Browser application bundle generation complete.
[37m[39m
[37m[0m[1mInitial Chunk Files[22m      [2m | [22m[1mNames[22m       [2m | [22m[1mRaw Size[22m[0m[39m
[37m[0m[92mruntime.js[39m[37m               [2m | [22mruntime     [2m | [22m[96m12.61 kB[39m[37m[2m | [22m[0m[39m
[37m[0m[0m[39m
[37m[0m[1mLazy Chunk Files[22m         [2m | [22m[1mNames[22m       [2m | [22m[1mRaw Size[22m[0m[39m
[37m[0m[92mlibs_auth_src_index_ts.js[39m[37m[2m | [22mdeb-gpt-auth[2m | [22m [96m6.09 kB[39m[37m[2m | [22m[0m[39m
[37m[0m[0m[39m
[37m[0m5 unchanged chunks[0m[39m
[37m[0m[0m[39m
[37m[0mBuild at: [1m[37m2024-01-07T12:39:14.055Z[39m[37m[22m - Hash: [1m[37ma127be4611a75343[39m[37m[22m - Time: [1m[37m203[39m[37m[22mms[0m[39m
[37m[39m
[37m[92mâœ”[39m[37m Compiled successfully.[39m
[36mâ ‹[39m Generating browser application bundles...[2K[1G[36mâ ™[39m Generating browser application bundles (phase: building)...[2K[1G[32mâœ”[39m Browser application bundle generation complete.
[37m[39m
[37m[0m[1mInitial Chunk Files[22m      [2m | [22m[1mNames[22m       [2m | [22m[1mRaw Size[22m[0m[39m
[37m[0m[92mruntime.js[39m[37m               [2m | [22mruntime     [2m | [22m[96m12.61 kB[39m[37m[2m | [22m[0m[39m
[37m[0m[0m[39m
[37m[0m[1mLazy Chunk Files[22m         [2m | [22m[1mNames[22m       [2m | [22m[1mRaw Size[22m[0m[39m
[37m[0m[92mlibs_auth_src_index_ts.js[39m[37m[2m | [22mdeb-gpt-auth[2m | [22m [96m6.38 kB[39m[37m[2m | [22m[0m[39m
[37m[0m[0m[39m
[37m[0m5 unchanged chunks[0m[39m
[37m[0m[0m[39m
[37m[0mBuild at: [1m[37m2024-01-07T12:39:17.621Z[39m[37m[22m - Hash: [1m[37m0d120fd971ca579c[39m[37m[22m - Time: [1m[37m146[39m[37m[22mms[0m[39m
[1m[31m[39m[22m
[1m[31m[0m[36m./libs/auth/src/lib/auth-dashboard/auth-dashboard.component.scss?ngResource[39m[31m[0m - [0m[91mError: [39m[31m[0mModule build failed (from ./node_modules/sass-loader/dist/cjs.js):[39m[22m
[1m[31mexpected "{".[39m[22m
[1m[31m  â•·[39m[22m
[1m[31m7 â”‚ main[39m[22m
[1m[31m  â”‚     ^[39m[22m
[1m[31m  â•µ[39m[22m
[1m[31m  libs/auth/src/lib/auth-dashboard/auth-dashboard.component.scss 7:5  root stylesheet[39m[22m
[1m[31m[39m[22m
[1m[31m[39m[22m
[37m[39m
[37m[91mâœ–[39m[37m Failed to compile.[39m
[36mâ ‹[39m Generating browser application bundles...[2K[1G[36mâ ™[39m Generating browser application bundles (phase: sealing)...[2K[1G[32mâœ”[39m Browser application bundle generation complete.
[37m[39m
[37m[0m[1mInitial Chunk Files[22m      [2m | [22m[1mNames[22m       [2m | [22m[1mRaw Size[22m[0m[39m
[37m[0m[92mruntime.js[39m[37m               [2m | [22mruntime     [2m | [22m[96m12.61 kB[39m[37m[2m | [22m[0m[39m
[37m[0m[0m[39m
[37m[0m[1mLazy Chunk Files[22m         [2m | [22m[1mNames[22m       [2m | [22m[1mRaw Size[22m[0m[39m
[37m[0m[92mlibs_auth_src_index_ts.js[39m[37m[2m | [22mdeb-gpt-auth[2m | [22m [96m6.38 kB[39m[37m[2m | [22m[0m[39m
[37m[0m[0m[39m
[37m[0m5 unchanged chunks[0m[39m
[37m[0m[0m[39m
[37m[0mBuild at: [1m[37m2024-01-07T12:39:20.232Z[39m[37m[22m - Hash: [1m[37m7c45e4a6268dc593[39m[37m[22m - Time: [1m[37m144[39m[37m[22mms[0m[39m
[1m[31m[39m[22m
[1m[31m[0m[36m./libs/auth/src/lib/auth-dashboard/auth-dashboard.component.scss?ngResource[39m[31m[0m - [0m[91mError: [39m[31m[0mModule build failed (from ./node_modules/sass-loader/dist/cjs.js):[39m[22m
[1m[31mexpected "{".[39m[22m
[1m[31m  â•·[39m[22m
[1m[31m8 â”‚   ba[39m[22m
[1m[31m  â”‚     ^[39m[22m
[1m[31m  â•µ[39m[22m
[1m[31m  libs/auth/src/lib/auth-dashboard/auth-dashboard.component.scss 8:5  root stylesheet[39m[22m
[1m[31m[39m[22m
[1m[31m[39m[22m
[37m[39m
[37m[91mâœ–[39m[37m Failed to compile.[39m
[36mâ ‹[39m Generating browser application bundles...[2K[1G[36mâ ™[39m Generating browser application bundles (phase: building)...[2K[1G[32mâœ”[39m Browser application bundle generation complete.
[37m[39m
[37m[0m[1mInitial Chunk Files[22m[2m | [22m[1mNames[22m  [2m | [22m[1mRaw Size[22m[0m[39m
[37m[0m[92mruntime.js[39m[37m         [2m | [22mruntime[2m | [22m[96m12.61 kB[39m[37m[2m | [22m[0m[39m
[37m[0m[0m[39m
[37m[0m6 unchanged chunks[0m[39m
[37m[0m[0m[39m
[37m[0mBuild at: [1m[37m2024-01-07T12:39:22.136Z[39m[37m[22m - Hash: [1m[37m051e0fbefaaf0bab[39m[37m[22m - Time: [1m[37m145[39m[37m[22mms[0m[39m
[1m[31m[39m[22m
[1m[31m[0m[36m./libs/auth/src/lib/auth-dashboard/auth-dashboard.component.scss?ngResource[39m[31m[0m - [0m[91mError: [39m[31m[0mModule build failed (from ./node_modules/sass-loader/dist/cjs.js):[39m[22m
[1m[31mExpected expression.[39m[22m
[1m[31m  â•·[39m[22m
[1m[31m8 â”‚   background-color: ;[39m[22m
[1m[31m  â”‚                     ^[39m[22m
[1m[31m  â•µ[39m[22m
[1m[31m  libs/auth/src/lib/auth-dashboard/auth-dashboard.component.scss 8:21  root stylesheet[39m[22m
[1m[31m[39m[22m
[1m[31m[39m[22m
[37m[39m
[37m[91mâœ–[39m[37m Failed to compile.[39m
[36mâ ‹[39m Generating browser application bundles...[2K[1G[36mâ ™[39m Generating browser application bundles (phase: building)...[2K[1G[36mâ ¹[39m Generating browser application bundles (phase: emitting)...[2K[1G[32mâœ”[39m Browser application bundle generation complete.
[37m[39m
[37m[0m[1mInitial Chunk Files[22m      [2m | [22m[1mNames[22m       [2m | [22m[1mRaw Size[22m[0m[39m
[37m[0m[92mruntime.js[39m[37m               [2m | [22mruntime     [2m | [22m[96m12.61 kB[39m[37m[2m | [22m[0m[39m
[37m[0m[0m[39m
[37m[0m[1mLazy Chunk Files[22m         [2m | [22m[1mNames[22m       [2m | [22m[1mRaw Size[22m[0m[39m
[37m[0m[92mlibs_auth_src_index_ts.js[39m[37m[2m | [22mdeb-gpt-auth[2m | [22m [96m6.25 kB[39m[37m[2m | [22m[0m[39m
[37m[0m[0m[39m
[37m[0m5 unchanged chunks[0m[39m
[37m[0m[0m[39m
[37m[0mBuild at: [1m[37m2024-01-07T12:39:23.804Z[39m[37m[22m - Hash: [1m[37mbca2e4c1fc360d24[39m[37m[22m - Time: [1m[37m198[39m[37m[22mms[0m[39m
[37m[39m
[37m[92mâœ”[39m[37m Compiled successfully.[39m
[36mâ ‹[39m Generating browser application bundles...[2K[1G[36mâ ™[39m Generating browser application bundles (phase: building)...[2K[1G[36mâ ¹[39m Generating browser application bundles (phase: emitting)...[2K[1G[32mâœ”[39m Browser application bundle generation complete.
[37m[39m
[37m[0m[1mInitial Chunk Files[22m      [2m | [22m[1mNames[22m       [2m | [22m[1mRaw Size[22m[0m[39m
[37m[0m[92mruntime.js[39m[37m               [2m | [22mruntime     [2m | [22m[96m12.61 kB[39m[37m[2m | [22m[0m[39m
[37m[0m[0m[39m
[37m[0m[1mLazy Chunk Files[22m         [2m | [22m[1mNames[22m       [2m | [22m[1mRaw Size[22m[0m[39m
[37m[0m[92mlibs_auth_src_index_ts.js[39m[37m[2m | [22mdeb-gpt-auth[2m | [22m [96m6.28 kB[39m[37m[2m | [22m[0m[39m
[37m[0m[0m[39m
[37m[0m5 unchanged chunks[0m[39m
[37m[0m[0m[39m
[37m[0mBuild at: [1m[37m2024-01-07T12:39:25.360Z[39m[37m[22m - Hash: [1m[37m4876a2ddc0fed06d[39m[37m[22m - Time: [1m[37m213[39m[37m[22mms[0m[39m
[37m[39m
[37m[92mâœ”[39m[37m Compiled successfully.[39m
[36mâ ‹[39m Generating browser application bundles...[2K[1G[36mâ ™[39m Generating browser application bundles (phase: building)...[2K[1G[36mâ ¹[39m Generating browser application bundles (phase: emitting)...[2K[1G[32mâœ”[39m Browser application bundle generation complete.
[37m[39m
[37m[0m[1mInitial Chunk Files[22m      [2m | [22m[1mNames[22m       [2m | [22m[1mRaw Size[22m[0m[39m
[37m[0m[92mruntime.js[39m[37m               [2m | [22mruntime     [2m | [22m[96m12.61 kB[39m[37m[2m | [22m[0m[39m
[37m[0m[0m[39m
[37m[0m[1mLazy Chunk Files[22m         [2m | [22m[1mNames[22m       [2m | [22m[1mRaw Size[22m[0m[39m
[37m[0m[92mlibs_auth_src_index_ts.js[39m[37m[2m | [22mdeb-gpt-auth[2m | [22m [96m6.28 kB[39m[37m[2m | [22m[0m[39m
[37m[0m[0m[39m
[37m[0m5 unchanged chunks[0m[39m
[37m[0m[0m[39m
[37m[0mBuild at: [1m[37m2024-01-07T12:39:35.279Z[39m[37m[22m - Hash: [1m[37m5065f037730be54d[39m[37m[22m - Time: [1m[37m252[39m[37m[22mms[0m[39m
[37m[39m
[37m[92mâœ”[39m[37m Compiled successfully.[39m
[36mâ ‹[39m Generating browser application bundles...[2K[1G[36mâ ™[39m Generating browser application bundles (phase: building)...[2K[1G[36mâ ¹[39m Generating browser application bundles (phase: emitting)...[2K[1G[32mâœ”[39m Browser application bundle generation complete.
[37m[39m
[37m[0m[1mInitial Chunk Files[22m      [2m | [22m[1mNames[22m       [2m | [22m[1mRaw Size[22m[0m[39m
[37m[0m[92mruntime.js[39m[37m               [2m | [22mruntime     [2m | [22m[96m12.61 kB[39m[37m[2m | [22m[0m[39m
[37m[0m[0m[39m
[37m[0m[1mLazy Chunk Files[22m         [2m | [22m[1mNames[22m       [2m | [22m[1mRaw Size[22m[0m[39m
[37m[0m[92mlibs_auth_src_index_ts.js[39m[37m[2m | [22mdeb-gpt-auth[2m | [22m [96m6.27 kB[39m[37m[2m | [22m[0m[39m
[37m[0m[0m[39m
[37m[0m5 unchanged chunks[0m[39m
[37m[0m[0m[39m
[37m[0mBuild at: [1m[37m2024-01-07T12:39:46.568Z[39m[37m[22m - Hash: [1m[37mc810fbc9238bebd1[39m[37m[22m - Time: [1m[37m256[39m[37m[22mms[0m[39m
[37m[39m
[37m[92mâœ”[39m[37m Compiled successfully.[39m
[36mâ ‹[39m Generating browser application bundles...[2K[1G[36mâ ™[39m Generating browser application bundles (phase: building)...[2K[1G[36mâ ¹[39m Generating browser application bundles (phase: emitting)...[2K[1G[32mâœ”[39m Browser application bundle generation complete.
[37m[39m
[37m[0m[1mInitial Chunk Files[22m      [2m | [22m[1mNames[22m       [2m | [22m[1mRaw Size[22m[0m[39m
[37m[0m[92mruntime.js[39m[37m               [2m | [22mruntime     [2m | [22m[96m12.61 kB[39m[37m[2m | [22m[0m[39m
[37m[0m[0m[39m
[37m[0m[1mLazy Chunk Files[22m         [2m | [22m[1mNames[22m       [2m | [22m[1mRaw Size[22m[0m[39m
[37m[0m[92mlibs_auth_src_index_ts.js[39m[37m[2m | [22mdeb-gpt-auth[2m | [22m [96m6.11 kB[39m[37m[2m | [22m[0m[39m
[37m[0m[0m[39m
[37m[0m5 unchanged chunks[0m[39m
[37m[0m[0m[39m
[37m[0mBuild at: [1m[37m2024-01-07T12:39:51.859Z[39m[37m[22m - Hash: [1m[37m8e453b8bbf4c0288[39m[37m[22m - Time: [1m[37m217[39m[37m[22mms[0m[39m
[37m[39m
[37m[92mâœ”[39m[37m Compiled successfully.[39m
[36mâ ‹[39m Generating browser application bundles...[2K[1G[36mâ ™[39m Generating browser application bundles (phase: sealing)...[2K[1G[32mâœ”[39m Browser application bundle generation complete.
[37m[39m
[37m[0m[1mInitial Chunk Files[22m      [2m | [22m[1mNames[22m       [2m | [22m[1mRaw Size[22m[0m[39m
[37m[0m[92mruntime.js[39m[37m               [2m | [22mruntime     [2m | [22m[96m12.61 kB[39m[37m[2m | [22m[0m[39m
[37m[0m[0m[39m
[37m[0m[1mLazy Chunk Files[22m         [2m | [22m[1mNames[22m       [2m | [22m[1mRaw Size[22m[0m[39m
[37m[0m[92mlibs_auth_src_index_ts.js[39m[37m[2m | [22mdeb-gpt-auth[2m | [22m [96m6.10 kB[39m[37m[2m | [22m[0m[39m
[37m[0m[0m[39m
[37m[0m5 unchanged chunks[0m[39m
[37m[0m[0m[39m
[37m[0mBuild at: [1m[37m2024-01-07T12:39:56.244Z[39m[37m[22m - Hash: [1m[37md8a4f2474ccfadf2[39m[37m[22m - Time: [1m[37m156[39m[37m[22mms[0m[39m
[37m[39m
[37m[92mâœ”[39m[37m Compiled successfully.[39m
[36mâ ‹[39m Generating browser application bundles...[2K[1G[36mâ ™[39m Generating browser application bundles (phase: building)...[2K[1G[36mâ ¹[39m Generating browser application bundles (phase: sealing)...[2K[1G[36mâ ¸[39m Generating browser application bundles (phase: emitting)...[2K[1G[32mâœ”[39m Browser application bundle generation complete.
[37m[39m
[37m[0m[1mInitial Chunk Files[22m      [2m | [22m[1mNames[22m       [2m | [22m[1mRaw Size[22m[0m[39m
[37m[0m[92mruntime.js[39m[37m               [2m | [22mruntime     [2m | [22m[96m12.61 kB[39m[37m[2m | [22m[0m[39m
[37m[0m[0m[39m
[37m[0m[1mLazy Chunk Files[22m         [2m | [22m[1mNames[22m       [2m | [22m[1mRaw Size[22m[0m[39m
[37m[0m[92mlibs_auth_src_index_ts.js[39m[37m[2m | [22mdeb-gpt-auth[2m | [22m [96m6.10 kB[39m[37m[2m | [22m[0m[39m
[37m[0m[0m[39m
[37m[0m5 unchanged chunks[0m[39m
[37m[0m[0m[39m
[37m[0mBuild at: [1m[37m2024-01-07T12:43:19.910Z[39m[37m[22m - Hash: [1m[37m9af0af63f906836f[39m[37m[22m - Time: [1m[37m287[39m[37m[22mms[0m[39m
[37m[39m
[37m[92mâœ”[39m[37m Compiled successfully.[39m
[36mâ ‹[39m Generating browser application bundles...[2K[1G[36mâ ™[39m Generating browser application bundles (phase: sealing)...[2K[1G[32mâœ”[39m Browser application bundle generation complete.
[37m[39m
[37m[0m[1mInitial Chunk Files[22m      [2m | [22m[1mNames[22m       [2m | [22m[1mRaw Size[22m[0m[39m
[37m[0m[92mruntime.js[39m[37m               [2m | [22mruntime     [2m | [22m[96m12.61 kB[39m[37m[2m | [22m[0m[39m
[37m[0m[0m[39m
[37m[0m[1mLazy Chunk Files[22m         [2m | [22m[1mNames[22m       [2m | [22m[1mRaw Size[22m[0m[39m
[37m[0m[92mlibs_auth_src_index_ts.js[39m[37m[2m | [22mdeb-gpt-auth[2m | [22m [96m6.10 kB[39m[37m[2m | [22m[0m[39m
[37m[0m[0m[39m
[37m[0m5 unchanged chunks[0m[39m
[37m[0m[0m[39m
[37m[0mBuild at: [1m[37m2024-01-07T12:43:24.562Z[39m[37m[22m - Hash: [1m[37m17fc7fa8b0076b36[39m[37m[22m - Time: [1m[37m160[39m[37m[22mms[0m[39m
[37m[39m
[37m[92mâœ”[39m[37m Compiled successfully.[39m
[36mâ ‹[39m Generating browser application bundles...[2K[1G[36mâ ™[39m Generating browser application bundles (phase: building)...[2K[1G[32mâœ”[39m Browser application bundle generation complete.
[37m[39m
[37m[0m[1mInitial Chunk Files[22m      [2m | [22m[1mNames[22m       [2m | [22m[1mRaw Size[22m[0m[39m
[37m[0m[92mruntime.js[39m[37m               [2m | [22mruntime     [2m | [22m[96m12.61 kB[39m[37m[2m | [22m[0m[39m
[37m[0m[0m[39m
[37m[0m[1mLazy Chunk Files[22m         [2m | [22m[1mNames[22m       [2m | [22m[1mRaw Size[22m[0m[39m
[37m[0m[92mlibs_auth_src_index_ts.js[39m[37m[2m | [22mdeb-gpt-auth[2m | [22m [96m6.38 kB[39m[37m[2m | [22m[0m[39m
[37m[0m[0m[39m
[37m[0m5 unchanged chunks[0m[39m
[37m[0m[0m[39m
[37m[0mBuild at: [1m[37m2024-01-07T12:43:28.505Z[39m[37m[22m - Hash: [1m[37m87db10ba568abcde[39m[37m[22m - Time: [1m[37m226[39m[37m[22mms[0m[39m
[1m[31m[39m[22m
[1m[31m[0m[36m./libs/auth/src/lib/auth-dashboard/auth-dashboard.component.scss?ngResource[39m[31m[0m - [0m[91mError: [39m[31m[0mModule build failed (from ./node_modules/sass-loader/dist/cjs.js):[39m[22m
[1m[31mexpected "{".[39m[22m
[1m[31m  â•·[39m[22m
[1m[31m7 â”‚ ::ng[39m[22m
[1m[31m  â”‚     ^[39m[22m
[1m[31m  â•µ[39m[22m
[1m[31m  libs/auth/src/lib/auth-dashboard/auth-dashboard.component.scss 7:5  root stylesheet[39m[22m
[1m[31m[39m[22m
[1m[31m[39m[22m
[37m[39m
[37m[91mâœ–[39m[37m Failed to compile.[39m
[36mâ ‹[39m Generating browser application bundles...[2K[1G[36mâ ™[39m Generating browser application bundles (phase: sealing)...[2K[1G[32mâœ”[39m Browser application bundle generation complete.
[37m[39m
[37m[0m[1mInitial Chunk Files[22m      [2m | [22m[1mNames[22m       [2m | [22m[1mRaw Size[22m[0m[39m
[37m[0m[92mruntime.js[39m[37m               [2m | [22mruntime     [2m | [22m[96m12.61 kB[39m[37m[2m | [22m[0m[39m
[37m[0m[0m[39m
[37m[0m[1mLazy Chunk Files[22m         [2m | [22m[1mNames[22m       [2m | [22m[1mRaw Size[22m[0m[39m
[37m[0m[92mlibs_auth_src_index_ts.js[39m[37m[2m | [22mdeb-gpt-auth[2m | [22m [96m6.38 kB[39m[37m[2m | [22m[0m[39m
[37m[0m[0m[39m
[37m[0m5 unchanged chunks[0m[39m
[37m[0m[0m[39m
[37m[0mBuild at: [1m[37m2024-01-07T12:43:31.189Z[39m[37m[22m - Hash: [1m[37m19b92b836146cf40[39m[37m[22m - Time: [1m[37m122[39m[37m[22mms[0m[39m
[1m[31m[39m[22m
[1m[31m[0m[36m./libs/auth/src/lib/auth-dashboard/auth-dashboard.component.scss?ngResource[39m[31m[0m - [0m[91mError: [39m[31m[0mModule build failed (from ./node_modules/sass-loader/dist/cjs.js):[39m[22m
[1m[31mexpected "{".[39m[22m
[1m[31m  â•·[39m[22m
[1m[31m7 â”‚ ::ng-deep [39m[22m
[1m[31m  â”‚           ^[39m[22m
[1m[31m  â•µ[39m[22m
[1m[31m  libs/auth/src/lib/auth-dashboard/auth-dashboard.component.scss 7:11  root stylesheet[39m[22m
[1m[31m[39m[22m
[1m[31m[39m[22m
[37m[39m
[37m[91mâœ–[39m[37m Failed to compile.[39m
[36mâ ‹[39m Generating browser application bundles...[2K[1G[36mâ ™[39m Generating browser application bundles (phase: building)...[2K[1G[36mâ ¹[39m Generating browser application bundles (phase: emitting)...[2K[1G[32mâœ”[39m Browser application bundle generation complete.
[37m[39m
[37m[0m[1mInitial Chunk Files[22m      [2m | [22m[1mNames[22m       [2m | [22m[1mRaw Size[22m[0m[39m
[37m[0m[92mruntime.js[39m[37m               [2m | [22mruntime     [2m | [22m[96m12.61 kB[39m[37m[2m | [22m[0m[39m
[37m[0m[0m[39m
[37m[0m[1mLazy Chunk Files[22m         [2m | [22m[1mNames[22m       [2m | [22m[1mRaw Size[22m[0m[39m
[37m[0m[92mlibs_auth_src_index_ts.js[39m[37m[2m | [22mdeb-gpt-auth[2m | [22m [96m6.13 kB[39m[37m[2m | [22m[0m[39m
[37m[0m[0m[39m
[37m[0m5 unchanged chunks[0m[39m
[37m[0m[0m[39m
[37m[0mBuild at: [1m[37m2024-01-07T12:43:37.248Z[39m[37m[22m - Hash: [1m[37me0bcb07203b25dfd[39m[37m[22m - Time: [1m[37m204[39m[37m[22mms[0m[39m
[37m[39m
[37m[92mâœ”[39m[37m Compiled successfully.[39m
[36mâ ‹[39m Generating browser application bundles...[2K[1G[36mâ ™[39m Generating browser application bundles (phase: building)...[2K[1G[36mâ ¹[39m Generating browser application bundles (phase: emitting)...[2K[1G[32mâœ”[39m Browser application bundle generation complete.
[37m[39m
[37m[0m[1mInitial Chunk Files[22m      [2m | [22m[1mNames[22m       [2m | [22m[1mRaw Size[22m[0m[39m
[37m[0m[92mruntime.js[39m[37m               [2m | [22mruntime     [2m | [22m[96m12.61 kB[39m[37m[2m | [22m[0m[39m
[37m[0m[0m[39m
[37m[0m[1mLazy Chunk Files[22m         [2m | [22m[1mNames[22m       [2m | [22m[1mRaw Size[22m[0m[39m
[37m[0m[92mlibs_auth_src_index_ts.js[39m[37m[2m | [22mdeb-gpt-auth[2m | [22m [96m6.42 kB[39m[37m[2m | [22m[0m[39m
[37m[0m[0m[39m
[37m[0m5 unchanged chunks[0m[39m
[37m[0m[0m[39m
[37m[0mBuild at: [1m[37m2024-01-07T12:43:44.931Z[39m[37m[22m - Hash: [1m[37m111cd0e773b79c96[39m[37m[22m - Time: [1m[37m221[39m[37m[22mms[0m[39m
[37m[39m
[37m[92mâœ”[39m[37m Compiled successfully.[39m
[36mâ ‹[39m Generating browser application bundles...[2K[1G[36mâ ™[39m Generating browser application bundles (phase: building)...[2K[1G[36mâ ¹[39m Generating browser application bundles (phase: emitting)...[2K[1G[32mâœ”[39m Browser application bundle generation complete.
[37m[39m
[37m[0m[1mInitial Chunk Files[22m      [2m | [22m[1mNames[22m       [2m | [22m[1mRaw Size[22m[0m[39m
[37m[0m[92mruntime.js[39m[37m               [2m | [22mruntime     [2m | [22m[96m12.61 kB[39m[37m[2m | [22m[0m[39m
[37m[0m[0m[39m
[37m[0m[1mLazy Chunk Files[22m         [2m | [22m[1mNames[22m       [2m | [22m[1mRaw Size[22m[0m[39m
[37m[0m[92mlibs_auth_src_index_ts.js[39m[37m[2m | [22mdeb-gpt-auth[2m | [22m [96m6.10 kB[39m[37m[2m | [22m[0m[39m
[37m[0m[0m[39m
[37m[0m5 unchanged chunks[0m[39m
[37m[0m[0m[39m
[37m[0mBuild at: [1m[37m2024-01-07T12:43:55.255Z[39m[37m[22m - Hash: [1m[37m687aafe25a25cf1b[39m[37m[22m - Time: [1m[37m269[39m[37m[22mms[0m[39m
[37m[39m
[37m[92mâœ”[39m[37m Compiled successfully.[39m
[36mâ ‹[39m Generating browser application bundles...[2K[1G[36mâ ™[39m Generating browser application bundles (phase: building)...[2K[1G[32mâœ”[39m Browser application bundle generation complete.
[37m[39m
[37m[0m[1mInitial Chunk Files[22m      [2m | [22m[1mNames[22m       [2m | [22m[1mRaw Size[22m[0m[39m
[37m[0m[92mruntime.js[39m[37m               [2m | [22mruntime     [2m | [22m[96m12.61 kB[39m[37m[2m | [22m[0m[39m
[37m[0m[0m[39m
[37m[0m[1mLazy Chunk Files[22m         [2m | [22m[1mNames[22m       [2m | [22m[1mRaw Size[22m[0m[39m
[37m[0m[92mlibs_auth_src_index_ts.js[39m[37m[2m | [22mdeb-gpt-auth[2m | [22m [96m6.38 kB[39m[37m[2m | [22m[0m[39m
[37m[0m[0m[39m
[37m[0m5 unchanged chunks[0m[39m
[37m[0m[0m[39m
[37m[0mBuild at: [1m[37m2024-01-07T12:43:57.138Z[39m[37m[22m - Hash: [1m[37m809e98e913f54d2e[39m[37m[22m - Time: [1m[37m177[39m[37m[22mms[0m[39m
[1m[31m[39m[22m
[1m[31m[0m[36m./libs/auth/src/lib/auth-dashboard/auth-dashboard.component.scss?ngResource[39m[31m[0m - [0m[91mError: [39m[31m[0mModule build failed (from ./node_modules/sass-loader/dist/cjs.js):[39m[22m
[1m[31mexpected "{".[39m[22m
[1m[31m  â•·[39m[22m
[1m[31m6 â”‚ p[39m[22m
[1m[31m  â”‚  ^[39m[22m
[1m[31m  â•µ[39m[22m
[1m[31m  libs/auth/src/lib/auth-dashboard/auth-dashboard.component.scss 6:2  root stylesheet[39m[22m
[1m[31m[39m[22m
[1m[31m[39m[22m
[37m[39m
[37m[91mâœ–[39m[37m Failed to compile.[39m
[36mâ ‹[39m Generating browser application bundles...[2K[1G[32mâœ”[39m Browser application bundle generation complete.
[37m[39m
[37m[0m[1mInitial Chunk Files[22m      [2m | [22m[1mNames[22m       [2m | [22m[1mRaw Size[22m[0m[39m
[37m[0m[92mruntime.js[39m[37m               [2m | [22mruntime     [2m | [22m[96m12.61 kB[39m[37m[2m | [22m[0m[39m
[37m[0m[0m[39m
[37m[0m[1mLazy Chunk Files[22m         [2m | [22m[1mNames[22m       [2m | [22m[1mRaw Size[22m[0m[39m
[37m[0m[92mlibs_auth_src_index_ts.js[39m[37m[2m | [22mdeb-gpt-auth[2m | [22m [96m6.38 kB[39m[37m[2m | [22m[0m[39m
[37m[0m[0m[39m
[37m[0m5 unchanged chunks[0m[39m
[37m[0m[0m[39m
[37m[0mBuild at: [1m[37m2024-01-07T12:44:01.271Z[39m[37m[22m - Hash: [1m[37m0faeee58cef47e58[39m[37m[22m - Time: [1m[37m109[39m[37m[22mms[0m[39m
[1m[31m[39m[22m
[1m[31m[0m[36m./libs/auth/src/lib/auth-dashboard/auth-dashboard.component.scss?ngResource[39m[31m[0m - [0m[91mError: [39m[31m[0mModule build failed (from ./node_modules/sass-loader/dist/cjs.js):[39m[22m
[1m[31mexpected "{".[39m[22m
[1m[31m  â•·[39m[22m
[1m[31m6 â”‚ p ::ng-d[39m[22m
[1m[31m  â”‚         ^[39m[22m
[1m[31m  â•µ[39m[22m
[1m[31m  libs/auth/src/lib/auth-dashboard/auth-dashboard.component.scss 6:9  root stylesheet[39m[22m
[1m[31m[39m[22m
[1m[31m[39m[22m
[37m[39m
[37m[91mâœ–[39m[37m Failed to compile.[39m
[36mâ ‹[39m Generating browser application bundles...[2K[1G[36mâ ™[39m Generating browser application bundles (phase: building)...[2K[1G[36mâ ¹[39m Generating browser application bundles (phase: emitting)...[2K[1G[32mâœ”[39m Browser application bundle generation complete.
[37m[39m
[37m[0m[1mInitial Chunk Files[22m      [2m | [22m[1mNames[22m       [2m | [22m[1mRaw Size[22m[0m[39m
[37m[0m[92mruntime.js[39m[37m               [2m | [22mruntime     [2m | [22m[96m12.61 kB[39m[37m[2m | [22m[0m[39m
[37m[0m[0m[39m
[37m[0m[1mLazy Chunk Files[22m         [2m | [22m[1mNames[22m       [2m | [22m[1mRaw Size[22m[0m[39m
[37m[0m[92mlibs_auth_src_index_ts.js[39m[37m[2m | [22mdeb-gpt-auth[2m | [22m [96m6.12 kB[39m[37m[2m | [22m[0m[39m
[37m[0m[0m[39m
[37m[0m5 unchanged chunks[0m[39m
[37m[0m[0m[39m
[37m[0mBuild at: [1m[37m2024-01-07T12:44:04.458Z[39m[37m[22m - Hash: [1m[37md371d5c38f6a63f2[39m[37m[22m - Time: [1m[37m213[39m[37m[22mms[0m[39m
[37m[39m
[37m[92mâœ”[39m[37m Compiled successfully.[39m
[36mâ ‹[39m Generating browser application bundles...[2K[1G[36mâ ™[39m Generating browser application bundles (phase: sealing)...[2K[1G[32mâœ”[39m Browser application bundle generation complete.
[37m[39m
[37m[0m[1mInitial Chunk Files[22m      [2m | [22m[1mNames[22m       [2m | [22m[1mRaw Size[22m[0m[39m
[37m[0m[92mruntime.js[39m[37m               [2m | [22mruntime     [2m | [22m[96m12.61 kB[39m[37m[2m | [22m[0m[39m
[37m[0m[0m[39m
[37m[0m[1mLazy Chunk Files[22m         [2m | [22m[1mNames[22m       [2m | [22m[1mRaw Size[22m[0m[39m
[37m[0m[92mlibs_auth_src_index_ts.js[39m[37m[2m | [22mdeb-gpt-auth[2m | [22m [96m6.38 kB[39m[37m[2m | [22m[0m[39m
[37m[0m[0m[39m
[37m[0m5 unchanged chunks[0m[39m
[37m[0m[0m[39m
[37m[0mBuild at: [1m[37m2024-01-07T12:44:05.814Z[39m[37m[22m - Hash: [1m[37m7f69498b7618d9bc[39m[37m[22m - Time: [1m[37m133[39m[37m[22mms[0m[39m
[1m[31m[39m[22m
[1m[31m[0m[36m./libs/auth/src/lib/auth-dashboard/auth-dashboard.component.scss?ngResource[39m[31m[0m - [0m[91mError: [39m[31m[0mModule build failed (from ./node_modules/sass-loader/dist/cjs.js):[39m[22m
[1m[31mexpected "{".[39m[22m
[1m[31m  â•·[39m[22m
[1m[31m7 â”‚   ba[39m[22m
[1m[31m  â”‚     ^[39m[22m
[1m[31m  â•µ[39m[22m
[1m[31m  libs/auth/src/lib/auth-dashboard/auth-dashboard.component.scss 7:5  root stylesheet[39m[22m
[1m[31m[39m[22m
[1m[31m[39m[22m
[37m[39m
[37m[91mâœ–[39m[37m Failed to compile.[39m
[36mâ ‹[39m Generating browser application bundles...[2K[1G[32mâœ”[39m Browser application bundle generation complete.
[37m[39m
[37m[0m[1mInitial Chunk Files[22m      [2m | [22m[1mNames[22m       [2m | [22m[1mRaw Size[22m[0m[39m
[37m[0m[92mruntime.js[39m[37m               [2m | [22mruntime     [2m | [22m[96m12.61 kB[39m[37m[2m | [22m[0m[39m
[37m[0m[0m[39m
[37m[0m[1mLazy Chunk Files[22m         [2m | [22m[1mNames[22m       [2m | [22m[1mRaw Size[22m[0m[39m
[37m[0m[92mlibs_auth_src_index_ts.js[39m[37m[2m | [22mdeb-gpt-auth[2m | [22m [96m6.38 kB[39m[37m[2m | [22m[0m[39m
[37m[0m[0m[39m
[37m[0m5 unchanged chunks[0m[39m
[37m[0m[0m[39m
[37m[0mBuild at: [1m[37m2024-01-07T12:44:06.965Z[39m[37m[22m - Hash: [1m[37mc3570fe0b3807546[39m[37m[22m - Time: [1m[37m116[39m[37m[22mms[0m[39m
[1m[31m[39m[22m
[1m[31m[0m[36m./libs/auth/src/lib/auth-dashboard/auth-dashboard.component.scss?ngResource[39m[31m[0m - [0m[91mError: [39m[31m[0mModule build failed (from ./node_modules/sass-loader/dist/cjs.js):[39m[22m
[1m[31mExpected expression.[39m[22m
[1m[31m  â•·[39m[22m
[1m[31m7 â”‚   background-color: ;[39m[22m
[1m[31m  â”‚                     ^[39m[22m
[1m[31m  â•µ[39m[22m
[1m[31m  libs/auth/src/lib/auth-dashboard/auth-dashboard.component.scss 7:21  root stylesheet[39m[22m
[1m[31m[39m[22m
[1m[31m[39m[22m
[37m[39m
[37m[91mâœ–[39m[37m Failed to compile.[39m
[36mâ ‹[39m Generating browser application bundles...[2K[1G[36mâ ™[39m Generating browser application bundles (phase: building)...[2K[1G[36mâ ¹[39m Generating browser application bundles (phase: emitting)...[2K[1G[32mâœ”[39m Browser application bundle generation complete.
[37m[39m
[37m[0m[1mInitial Chunk Files[22m      [2m | [22m[1mNames[22m       [2m | [22m[1mRaw Size[22m[0m[39m
[37m[0m[92mruntime.js[39m[37m               [2m | [22mruntime     [2m | [22m[96m12.61 kB[39m[37m[2m | [22m[0m[39m
[37m[0m[0m[39m
[37m[0m[1mLazy Chunk Files[22m         [2m | [22m[1mNames[22m       [2m | [22m[1mRaw Size[22m[0m[39m
[37m[0m[92mlibs_auth_src_index_ts.js[39m[37m[2m | [22mdeb-gpt-auth[2m | [22m [96m6.29 kB[39m[37m[2m | [22m[0m[39m
[37m[0m[0m[39m
[37m[0m5 unchanged chunks[0m[39m
[37m[0m[0m[39m
[37m[0mBuild at: [1m[37m2024-01-07T12:44:08.503Z[39m[37m[22m - Hash: [1m[37m57c9520b376ebcb2[39m[37m[22m - Time: [1m[37m177[39m[37m[22mms[0m[39m
[37m[39m
[37m[92mâœ”[39m[37m Compiled successfully.[39m
[36mâ ‹[39m Generating browser application bundles...[2K[1G[36mâ ™[39m Generating browser application bundles (phase: sealing)...[2K[1G[36mâ ¹[39m Generating browser application bundles (phase: emitting)...[2K[1G[32mâœ”[39m Browser application bundle generation complete.
[37m[39m
[37m[0m[1mInitial Chunk Files[22m      [2m | [22m[1mNames[22m       [2m | [22m[1mRaw Size[22m[0m[39m
[37m[0m[92mruntime.js[39m[37m               [2m | [22mruntime     [2m | [22m[96m12.61 kB[39m[37m[2m | [22m[0m[39m
[37m[0m[0m[39m
[37m[0m[1mLazy Chunk Files[22m         [2m | [22m[1mNames[22m       [2m | [22m[1mRaw Size[22m[0m[39m
[37m[0m[92mlibs_auth_src_index_ts.js[39m[37m[2m | [22mdeb-gpt-auth[2m | [22m [96m6.30 kB[39m[37m[2m | [22m[0m[39m
[37m[0m[0m[39m
[37m[0m5 unchanged chunks[0m[39m
[37m[0m[0m[39m
[37m[0mBuild at: [1m[37m2024-01-07T12:44:09.955Z[39m[37m[22m - Hash: [1m[37mbb1beb51a7af0725[39m[37m[22m - Time: [1m[37m191[39m[37m[22mms[0m[39m
[37m[39m
[37m[92mâœ”[39m[37m Compiled successfully.[39m
[36mâ ‹[39m Generating browser application bundles...[2K[1G[36mâ ™[39m Generating browser application bundles (phase: building)...[2K[1G[36mâ ¹[39m Generating browser application bundles (phase: building)...[2K[1G[36mâ ¸[39m Generating browser application bundles (phase: emitting)...[2K[1G[32mâœ”[39m Browser application bundle generation complete.
[37m[39m
[37m[0m[1mInitial Chunk Files[22m      [2m | [22m[1mNames[22m       [2m | [22m[1mRaw Size[22m[0m[39m
[37m[0m[92mruntime.js[39m[37m               [2m | [22mruntime     [2m | [22m[96m12.61 kB[39m[37m[2m | [22m[0m[39m
[37m[0m[0m[39m
[37m[0m[1mLazy Chunk Files[22m         [2m | [22m[1mNames[22m       [2m | [22m[1mRaw Size[22m[0m[39m
[37m[0m[92mlibs_auth_src_index_ts.js[39m[37m[2m | [22mdeb-gpt-auth[2m | [22m [96m6.31 kB[39m[37m[2m | [22m[0m[39m
[37m[0m[0m[39m
[37m[0m5 unchanged chunks[0m[39m
[37m[0m[0m[39m
[37m[0mBuild at: [1m[37m2024-01-07T12:44:15.985Z[39m[37m[22m - Hash: [1m[37ma70a644d6d7c0496[39m[37m[22m - Time: [1m[37m274[39m[37m[22mms[0m[39m
[37m[39m
[37m[92mâœ”[39m[37m Compiled successfully.[39m
[36mâ ‹[39m Generating browser application bundles...[2K[1G[36mâ ™[39m Generating browser application bundles (phase: sealing)...[2K[1G[32mâœ”[39m Browser application bundle generation complete.
[37m[39m
[37m[0m[1mInitial Chunk Files[22m      [2m | [22m[1mNames[22m       [2m | [22m[1mRaw Size[22m[0m[39m
[37m[0m[92mruntime.js[39m[37m               [2m | [22mruntime     [2m | [22m[96m12.61 kB[39m[37m[2m | [22m[0m[39m
[37m[0m[0m[39m
[37m[0m[1mLazy Chunk Files[22m         [2m | [22m[1mNames[22m       [2m | [22m[1mRaw Size[22m[0m[39m
[37m[0m[92mlibs_auth_src_index_ts.js[39m[37m[2m | [22mdeb-gpt-auth[2m | [22m [96m6.40 kB[39m[37m[2m | [22m[0m[39m
[37m[0m[0m[39m
[37m[0m5 unchanged chunks[0m[39m
[37m[0m[0m[39m
[37m[0mBuild at: [1m[37m2024-01-07T12:44:18.819Z[39m[37m[22m - Hash: [1m[37m1b17d79152e9fd01[39m[37m[22m - Time: [1m[37m167[39m[37m[22mms[0m[39m
[1m[31m[39m[22m
[1m[31m[0m[36m./libs/auth/src/lib/auth-dashboard/auth-dashboard.component.scss?ngResource[39m[31m[0m - [0m[91mError: [39m[31m[0mModule build failed (from ./node_modules/sass-loader/dist/cjs.js):[39m[22m
[1m[31mExpected expression.[39m[22m
[1m[31m  â•·[39m[22m
[1m[31m8 â”‚   color: ;[39m[22m
[1m[31m  â”‚          ^[39m[22m
[1m[31m  â•µ[39m[22m
[1m[31m  libs/auth/src/lib/auth-dashboard/auth-dashboard.component.scss 8:10  root stylesheet[39m[22m
[1m[31m[39m[22m
[1m[31m[39m[22m
[37m[39m
[37m[91mâœ–[39m[37m Failed to compile.[39m
[36mâ ‹[39m Generating browser application bundles...[2K[1G[36mâ ™[39m Generating browser application bundles (phase: building)...[2K[1G[36mâ ¹[39m Generating browser application bundles (phase: emitting)...[2K[1G[32mâœ”[39m Browser application bundle generation complete.
[37m[39m
[37m[0m[1mInitial Chunk Files[22m      [2m | [22m[1mNames[22m       [2m | [22m[1mRaw Size[22m[0m[39m
[37m[0m[92mruntime.js[39m[37m               [2m | [22mruntime     [2m | [22m[96m12.61 kB[39m[37m[2m | [22m[0m[39m
[37m[0m[0m[39m
[37m[0m[1mLazy Chunk Files[22m         [2m | [22m[1mNames[22m       [2m | [22m[1mRaw Size[22m[0m[39m
[37m[0m[92mlibs_auth_src_index_ts.js[39m[37m[2m | [22mdeb-gpt-auth[2m | [22m [96m6.37 kB[39m[37m[2m | [22m[0m[39m
[37m[0m[0m[39m
[37m[0m5 unchanged chunks[0m[39m
[37m[0m[0m[39m
[37m[0mBuild at: [1m[37m2024-01-07T12:44:20.186Z[39m[37m[22m - Hash: [1m[37m76b7d1ccf10170bd[39m[37m[22m - Time: [1m[37m176[39m[37m[22mms[0m[39m
[37m[39m
[37m[92mâœ”[39m[37m Compiled successfully.[39m
[36mâ ‹[39m Generating browser application bundles...[2K[1G[36mâ ™[39m Generating browser application bundles (phase: sealing)...[2K[1G[36mâ ¹[39m Generating browser application bundles (phase: emitting)...[2K[1G[32mâœ”[39m Browser application bundle generation complete.
[37m[39m
[37m[0m[1mInitial Chunk Files[22m      [2m | [22m[1mNames[22m       [2m | [22m[1mRaw Size[22m[0m[39m
[37m[0m[92mruntime.js[39m[37m               [2m | [22mruntime     [2m | [22m[96m12.61 kB[39m[37m[2m | [22m[0m[39m
[37m[0m[0m[39m
[37m[0m[1mLazy Chunk Files[22m         [2m | [22m[1mNames[22m       [2m | [22m[1mRaw Size[22m[0m[39m
[37m[0m[92mlibs_auth_src_index_ts.js[39m[37m[2m | [22mdeb-gpt-auth[2m | [22m [96m6.38 kB[39m[37m[2m | [22m[0m[39m
[37m[0m[0m[39m
[37m[0m5 unchanged chunks[0m[39m
[37m[0m[0m[39m
[37m[0mBuild at: [1m[37m2024-01-07T12:44:21.638Z[39m[37m[22m - Hash: [1m[37m9b2001c32f7494fc[39m[37m[22m - Time: [1m[37m202[39m[37m[22mms[0m[39m
[37m[39m
[37m[92mâœ”[39m[37m Compiled successfully.[39m
[36mâ ‹[39m Generating browser application bundles...[2K[1G[36mâ ™[39m Generating browser application bundles (phase: building)...[2K[1G[36mâ ¹[39m Generating browser application bundles (phase: emitting)...[2K[1G[32mâœ”[39m Browser application bundle generation complete.
[37m[39m
[37m[0m[1mInitial Chunk Files[22m      [2m | [22m[1mNames[22m       [2m | [22m[1mRaw Size[22m[0m[39m
[37m[0m[92mruntime.js[39m[37m               [2m | [22mruntime     [2m | [22m[96m12.61 kB[39m[37m[2m | [22m[0m[39m
[37m[0m[0m[39m
[37m[0m[1mLazy Chunk Files[22m         [2m | [22m[1mNames[22m       [2m | [22m[1mRaw Size[22m[0m[39m
[37m[0m[92mlibs_auth_src_index_ts.js[39m[37m[2m | [22mdeb-gpt-auth[2m | [22m [96m6.40 kB[39m[37m[2m | [22m[0m[39m
[37m[0m[0m[39m
[37m[0m5 unchanged chunks[0m[39m
[37m[0m[0m[39m
[37m[0mBuild at: [1m[37m2024-01-07T12:44:37.269Z[39m[37m[22m - Hash: [1m[37m254093d387bb3aca[39m[37m[22m - Time: [1m[37m197[39m[37m[22mms[0m[39m
[37m[39m
[37m[92mâœ”[39m[37m Compiled successfully.[39m
[36mâ ‹[39m Generating browser application bundles...[2K[1G[36mâ ™[39m Generating browser application bundles (phase: building)...[2K[1G[32mâœ”[39m Browser application bundle generation complete.
[37m[39m
[37m[0m[1mInitial Chunk Files[22m      [2m | [22m[1mNames[22m       [2m | [22m[1mRaw Size[22m[0m[39m
[37m[0m[92mruntime.js[39m[37m               [2m | [22mruntime     [2m | [22m[96m12.61 kB[39m[37m[2m | [22m[0m[39m
[37m[0m[0m[39m
[37m[0m[1mLazy Chunk Files[22m         [2m | [22m[1mNames[22m       [2m | [22m[1mRaw Size[22m[0m[39m
[37m[0m[92mlibs_auth_src_index_ts.js[39m[37m[2m | [22mdeb-gpt-auth[2m | [22m [96m6.41 kB[39m[37m[2m | [22m[0m[39m
[37m[0m[0m[39m
[37m[0m5 unchanged chunks[0m[39m
[37m[0m[0m[39m
[37m[0mBuild at: [1m[37m2024-01-07T12:44:44.509Z[39m[37m[22m - Hash: [1m[37m943b22b4503efc80[39m[37m[22m - Time: [1m[37m182[39m[37m[22mms[0m[39m
[1m[31m[39m[22m
[1m[31m[0m[36m./libs/auth/src/lib/auth-dashboard/auth-dashboard.component.scss?ngResource[39m[31m[0m - [0m[91mError: [39m[31m[0mModule build failed (from ./node_modules/sass-loader/dist/cjs.js):[39m[22m
[1m[31mexpected "{".[39m[22m
[1m[31m  â•·[39m[22m
[1m[31m8 â”‚   color: inherit;[39m[22m
[1m[31m  â”‚                 ^[39m[22m
[1m[31m  â•µ[39m[22m
[1m[31m  libs/auth/src/lib/auth-dashboard/auth-dashboard.component.scss 8:17  root stylesheet[39m[22m
[1m[31m[39m[22m
[1m[31m[39m[22m
[37m[39m
[37m[91mâœ–[39m[37m Failed to compile.[39m
[36mâ ‹[39m Generating browser application bundles...[2K[1G[36mâ ™[39m Generating browser application bundles (phase: building)...[2K[1G[36mâ ¹[39m Generating browser application bundles (phase: emitting)...[2K[1G[32mâœ”[39m Browser application bundle generation complete.
[37m[39m
[37m[0m[1mInitial Chunk Files[22m      [2m | [22m[1mNames[22m       [2m | [22m[1mRaw Size[22m[0m[39m
[37m[0m[92mruntime.js[39m[37m               [2m | [22mruntime     [2m | [22m[96m12.61 kB[39m[37m[2m | [22m[0m[39m
[37m[0m[0m[39m
[37m[0m[1mLazy Chunk Files[22m         [2m | [22m[1mNames[22m       [2m | [22m[1mRaw Size[22m[0m[39m
[37m[0m[92mlibs_auth_src_index_ts.js[39m[37m[2m | [22mdeb-gpt-auth[2m | [22m [96m6.35 kB[39m[37m[2m | [22m[0m[39m
[37m[0m[0m[39m
[37m[0m5 unchanged chunks[0m[39m
[37m[0m[0m[39m
[37m[0mBuild at: [1m[37m2024-01-07T12:44:47.899Z[39m[37m[22m - Hash: [1m[37m442e719f3f7edb2e[39m[37m[22m - Time: [1m[37m198[39m[37m[22mms[0m[39m
[37m[39m
[37m[92mâœ”[39m[37m Compiled successfully.[39m
[36mâ ‹[39m Generating browser application bundles...[2K[1G[36mâ ™[39m Generating browser application bundles (phase: building)...[2K[1G[36mâ ¹[39m Generating browser application bundles (phase: emitting)...[2K[1G[32mâœ”[39m Browser application bundle generation complete.
[37m[39m
[37m[0m[1mInitial Chunk Files[22m      [2m | [22m[1mNames[22m       [2m | [22m[1mRaw Size[22m[0m[39m
[37m[0m[92mruntime.js[39m[37m               [2m | [22mruntime     [2m | [22m[96m12.61 kB[39m[37m[2m | [22m[0m[39m
[37m[0m[0m[39m
[37m[0m[1mLazy Chunk Files[22m         [2m | [22m[1mNames[22m       [2m | [22m[1mRaw Size[22m[0m[39m
[37m[0m[92mlibs_auth_src_index_ts.js[39m[37m[2m | [22mdeb-gpt-auth[2m | [22m [96m6.10 kB[39m[37m[2m | [22m[0m[39m
[37m[0m[0m[39m
[37m[0m5 unchanged chunks[0m[39m
[37m[0m[0m[39m
[37m[0mBuild at: [1m[37m2024-01-07T12:44:53.212Z[39m[37m[22m - Hash: [1m[37mabd4f39972e126d1[39m[37m[22m - Time: [1m[37m196[39m[37m[22mms[0m[39m
[37m[39m
[37m[92mâœ”[39m[37m Compiled successfully.[39m
[36mâ ‹[39m Generating browser application bundles...[2K[1G[36mâ ™[39m Generating browser application bundles (phase: sealing)...[2K[1G[36mâ ¹[39m Generating browser application bundles (phase: emitting)...[2K[1G[32mâœ”[39m Browser application bundle generation complete.
[37m[39m
[37m[0m[1mInitial Chunk Files[22m      [2m | [22m[1mNames[22m       [2m | [22m[1mRaw Size[22m[0m[39m
[37m[0m[92mruntime.js[39m[37m               [2m | [22mruntime     [2m | [22m[96m12.61 kB[39m[37m[2m | [22m[0m[39m
[37m[0m[0m[39m
[37m[0m[1mLazy Chunk Files[22m         [2m | [22m[1mNames[22m       [2m | [22m[1mRaw Size[22m[0m[39m
[37m[0m[92mlibs_auth_src_index_ts.js[39m[37m[2m | [22mdeb-gpt-auth[2m | [22m [96m6.09 kB[39m[37m[2m | [22m[0m[39m
[37m[0m[0m[39m
[37m[0m5 unchanged chunks[0m[39m
[37m[0m[0m[39m
[37m[0mBuild at: [1m[37m2024-01-07T12:44:57.114Z[39m[37m[22m - Hash: [1m[37m0803093a9c84ab23[39m[37m[22m - Time: [1m[37m197[39m[37m[22mms[0m[39m
[37m[39m
[37m[92mâœ”[39m[37m Compiled successfully.[39m
[36mâ ‹[39m Generating browser application bundles...[2K[1G[36mâ ™[39m Generating browser application bundles (phase: building)...[2K[1G[36mâ ¹[39m Generating browser application bundles (phase: emitting)...[2K[1G[32mâœ”[39m Browser application bundle generation complete.
[37m[39m
[37m[0m[1mInitial Chunk Files[22m      [2m | [22m[1mNames[22m       [2m | [22m[1mRaw Size[22m[0m[39m
[37m[0m[92mruntime.js[39m[37m               [2m | [22mruntime     [2m | [22m[96m12.61 kB[39m[37m[2m | [22m[0m[39m
[37m[0m[0m[39m
[37m[0m[1mLazy Chunk Files[22m         [2m | [22m[1mNames[22m       [2m | [22m[1mRaw Size[22m[0m[39m
[37m[0m[92mlibs_auth_src_index_ts.js[39m[37m[2m | [22mdeb-gpt-auth[2m | [22m [96m6.08 kB[39m[37m[2m | [22m[0m[39m
[37m[0m[0m[39m
[37m[0m5 unchanged chunks[0m[39m
[37m[0m[0m[39m
[37m[0mBuild at: [1m[37m2024-01-07T12:45:01.745Z[39m[37m[22m - Hash: [1m[37maccdee93f3dd393a[39m[37m[22m - Time: [1m[37m206[39m[37m[22mms[0m[39m
[37m[39m
[37m[92mâœ”[39m[37m Compiled successfully.[39m
[36mâ ‹[39m Generating browser application bundles...[2K[1G[36mâ ™[39m Generating browser application bundles (phase: building)...[2K[1G[36mâ ¹[39m Generating browser application bundles (phase: emitting)...[2K[1G[32mâœ”[39m Browser application bundle generation complete.
[37m[39m
[37m[0m[1mInitial Chunk Files[22m      [2m | [22m[1mNames[22m       [2m | [22m[1mRaw Size[22m[0m[39m
[37m[0m[92mruntime.js[39m[37m               [2m | [22mruntime     [2m | [22m[96m12.61 kB[39m[37m[2m | [22m[0m[39m
[37m[0m[0m[39m
[37m[0m[1mLazy Chunk Files[22m         [2m | [22m[1mNames[22m       [2m | [22m[1mRaw Size[22m[0m[39m
[37m[0m[92mlibs_auth_src_index_ts.js[39m[37m[2m | [22mdeb-gpt-auth[2m | [22m [96m6.12 kB[39m[37m[2m | [22m[0m[39m
[37m[0m[0m[39m
[37m[0m5 unchanged chunks[0m[39m
[37m[0m[0m[39m
[37m[0mBuild at: [1m[37m2024-01-07T12:45:06.656Z[39m[37m[22m - Hash: [1m[37m019d00b11c1d5d4f[39m[37m[22m - Time: [1m[37m223[39m[37m[22mms[0m[39m
[37m[39m
[37m[92mâœ”[39m[37m Compiled successfully.[39m
[36mâ ‹[39m Generating browser application bundles...[2K[1G[36mâ ™[39m Generating browser application bundles (phase: building)...[2K[1G[36mâ ¹[39m Generating browser application bundles (phase: emitting)...[2K[1G[32mâœ”[39m Browser application bundle generation complete.
[37m[39m
[37m[0m[1mInitial Chunk Files[22m      [2m | [22m[1mNames[22m       [2m | [22m[1mRaw Size[22m[0m[39m
[37m[0m[92mruntime.js[39m[37m               [2m | [22mruntime     [2m | [22m[96m12.61 kB[39m[37m[2m | [22m[0m[39m
[37m[0m[0m[39m
[37m[0m[1mLazy Chunk Files[22m         [2m | [22m[1mNames[22m       [2m | [22m[1mRaw Size[22m[0m[39m
[37m[0m[92mlibs_auth_src_index_ts.js[39m[37m[2m | [22mdeb-gpt-auth[2m | [22m [96m5.94 kB[39m[37m[2m | [22m[0m[39m
[37m[0m[0m[39m
[37m[0m5 unchanged chunks[0m[39m
[37m[0m[0m[39m
[37m[0mBuild at: [1m[37m2024-01-07T12:45:15.374Z[39m[37m[22m - Hash: [1m[37m5a8a104ccc2b89da[39m[37m[22m - Time: [1m[37m194[39m[37m[22mms[0m[39m
[37m[39m
[37m[92mâœ”[39m[37m Compiled successfully.[39m
[36mâ ‹[39m Generating browser application bundles...[2K[1G[36mâ ™[39m Generating browser application bundles (phase: building)...[2K[1G[36mâ ¹[39m Generating browser application bundles (phase: sealing)...[2K[1G[32mâœ”[39m Browser application bundle generation complete.
[37m[39m
[37m[0m[1mInitial Chunk Files[22m      [2m | [22m[1mNames[22m       [2m | [22m[1mRaw Size[22m[0m[39m
[37m[0m[92mruntime.js[39m[37m               [2m | [22mruntime     [2m | [22m[96m12.61 kB[39m[37m[2m | [22m[0m[39m
[37m[0m[0m[39m
[37m[0m[1mLazy Chunk Files[22m         [2m | [22m[1mNames[22m       [2m | [22m[1mRaw Size[22m[0m[39m
[37m[0m[92mlibs_auth_src_index_ts.js[39m[37m[2m | [22mdeb-gpt-auth[2m | [22m [96m6.09 kB[39m[37m[2m | [22m[0m[39m
[37m[0m[0m[39m
[37m[0m5 unchanged chunks[0m[39m
[37m[0m[0m[39m
[37m[0mBuild at: [1m[37m2024-01-07T12:45:18.813Z[39m[37m[22m - Hash: [1m[37mbc67f57e1196db7c[39m[37m[22m - Time: [1m[37m242[39m[37m[22mms[0m[39m
[37m[39m
[37m[92mâœ”[39m[37m Compiled successfully.[39m
[36mâ ‹[39m Generating browser application bundles...[2K[1G[36mâ ™[39m Generating browser application bundles (phase: building)...[2K[1G[36mâ ¹[39m Generating browser application bundles (phase: sealing)...[2K[1G[32mâœ”[39m Browser application bundle generation complete.
[37m[39m
[37m[0m[1mInitial Chunk Files[22m      [2m | [22m[1mNames[22m       [2m | [22m[1mRaw Size[22m[0m[39m
[37m[0m[92mruntime.js[39m[37m               [2m | [22mruntime     [2m | [22m[96m12.61 kB[39m[37m[2m | [22m[0m[39m
[37m[0m[0m[39m
[37m[0m[1mLazy Chunk Files[22m         [2m | [22m[1mNames[22m       [2m | [22m[1mRaw Size[22m[0m[39m
[37m[0m[92mlibs_auth_src_index_ts.js[39m[37m[2m | [22mdeb-gpt-auth[2m | [22m [96m5.08 kB[39m[37m[2m | [22m[0m[39m
[37m[0m[0m[39m
[37m[0m5 unchanged chunks[0m[39m
[37m[0m[0m[39m
[37m[0mBuild at: [1m[37m2024-01-07T12:45:20.787Z[39m[37m[22m - Hash: [1m[37m1db48874bc40e6a8[39m[37m[22m - Time: [1m[37m354[39m[37m[22mms[0m[39m
[1m[31m[39m[22m
[1m[31m[0m[91mError: [39m[31m[0m[96mlibs/auth/src/lib/auth-dashboard/auth-dashboard.component.html[0m:[93m2[0m:[93m3[0m - [91merror[0m[90m NG5002: [0mUnexpected closing tag "dir". It may happen when the tag has already been closed by another tag. For more info see https://www.w3.org/TR/html5/syntax.html#closing-elements-that-have-implied-end-tags[39m[22m
[1m[31m[39m[22m
[1m[31m[7m2[0m  <</dir>[39m[22m
[1m[31m[7m [0m [91m  ~~~~~~[0m[39m[22m
[1m[31m[39m[22m
[1m[31m  [96mlibs/auth/src/lib/auth-dashboard/auth-dashboard.component.ts[0m:[93m5[0m:[93m16[0m[39m[22m
[1m[31m    [7m5[0m   templateUrl: './auth-dashboard.component.html',[39m[22m
[1m[31m    [7m [0m [96m               ~~~~~~~~~~~~~~~~~~~~~~~~~~~~~~~~~[0m[39m[22m
[1m[31m    Error occurs in the template of component AuthDashboardComponent.[39m[22m
[1m[31m[39m[22m
[1m[31m[39m[22m
[1m[31m[39m[22m
[37m[39m
[37m[91mâœ–[39m[37m Failed to compile.[39m
[36mâ ‹[39m Generating browser application bundles...[2K[1G[36mâ ™[39m Generating browser application bundles (phase: sealing)...[2K[1G[32mâœ”[39m Browser application bundle generation complete.
[37m[39m
[37m[0m[1mInitial Chunk Files[22m      [2m | [22m[1mNames[22m       [2m | [22m[1mRaw Size[22m[0m[39m
[37m[0m[92mruntime.js[39m[37m               [2m | [22mruntime     [2m | [22m[96m12.61 kB[39m[37m[2m | [22m[0m[39m
[37m[0m[0m[39m
[37m[0m[1mLazy Chunk Files[22m         [2m | [22m[1mNames[22m       [2m | [22m[1mRaw Size[22m[0m[39m
[37m[0m[92mlibs_auth_src_index_ts.js[39m[37m[2m | [22mdeb-gpt-auth[2m | [22m [96m5.94 kB[39m[37m[2m | [22m[0m[39m
[37m[0m[0m[39m
[37m[0m5 unchanged chunks[0m[39m
[37m[0m[0m[39m
[37m[0mBuild at: [1m[37m2024-01-07T12:45:24.227Z[39m[37m[22m - Hash: [1m[37m70bc1ec8f0455c8a[39m[37m[22m - Time: [1m[37m153[39m[37m[22mms[0m[39m
[37m[39m
[37m[92mâœ”[39m[37m Compiled successfully.[39m
[36mâ ‹[39m Generating browser application bundles...[2K[1G[36mâ ™[39m Generating browser application bundles (phase: building)...[2K[1G[36mâ ¹[39m Generating browser application bundles (phase: sealing)...[2K[1G[36mâ ¸[39m Generating browser application bundles (phase: emitting)...[2K[1G[32mâœ”[39m Browser application bundle generation complete.
[37m[39m
[37m[0m[1mInitial Chunk Files[22m      [2m | [22m[1mNames[22m       [2m | [22m[1mRaw Size[22m[0m[39m
[37m[0m[92mruntime.js[39m[37m               [2m | [22mruntime     [2m | [22m[96m12.61 kB[39m[37m[2m | [22m[0m[39m
[37m[0m[0m[39m
[37m[0m[1mLazy Chunk Files[22m         [2m | [22m[1mNames[22m       [2m | [22m[1mRaw Size[22m[0m[39m
[37m[0m[92mlibs_auth_src_index_ts.js[39m[37m[2m | [22mdeb-gpt-auth[2m | [22m [96m6.09 kB[39m[37m[2m | [22m[0m[39m
[37m[0m[0m[39m
[37m[0m5 unchanged chunks[0m[39m
[37m[0m[0m[39m
[37m[0mBuild at: [1m[37m2024-01-07T12:45:37.697Z[39m[37m[22m - Hash: [1m[37mba2356c40cd0039a[39m[37m[22m - Time: [1m[37m246[39m[37m[22mms[0m[39m
[37m[39m
[37m[92mâœ”[39m[37m Compiled successfully.[39m
[36mâ ‹[39m Generating browser application bundles...[2K[1G[36mâ ™[39m Generating browser application bundles (phase: sealing)...[2K[1G[32mâœ”[39m Browser application bundle generation complete.
[37m[39m
[37m[0m[1mInitial Chunk Files[22m      [2m | [22m[1mNames[22m       [2m | [22m[1mRaw Size[22m[0m[39m
[37m[0m[92mruntime.js[39m[37m               [2m | [22mruntime     [2m | [22m[96m12.61 kB[39m[37m[2m | [22m[0m[39m
[37m[0m[0m[39m
[37m[0m[1mLazy Chunk Files[22m         [2m | [22m[1mNames[22m       [2m | [22m[1mRaw Size[22m[0m[39m
[37m[0m[92mlibs_auth_src_index_ts.js[39m[37m[2m | [22mdeb-gpt-auth[2m | [22m [96m6.10 kB[39m[37m[2m | [22m[0m[39m
[37m[0m[0m[39m
[37m[0m5 unchanged chunks[0m[39m
[37m[0m[0m[39m
[37m[0mBuild at: [1m[37m2024-01-07T12:45:39.617Z[39m[37m[22m - Hash: [1m[37mf52706b1015bb217[39m[37m[22m - Time: [1m[37m144[39m[37m[22mms[0m[39m
[37m[39m
[37m[92mâœ”[39m[37m Compiled successfully.[39m
[36mâ ‹[39m Generating browser application bundles...[2K[1G[36mâ ™[39m Generating browser application bundles (phase: building)...[2K[1G[36mâ ¹[39m Generating browser application bundles (phase: emitting)...[2K[1G[32mâœ”[39m Browser application bundle generation complete.
[37m[39m
[37m[0m[1mInitial Chunk Files[22m      [2m | [22m[1mNames[22m       [2m | [22m[1mRaw Size[22m[0m[39m
[37m[0m[92mruntime.js[39m[37m               [2m | [22mruntime     [2m | [22m[96m12.61 kB[39m[37m[2m | [22m[0m[39m
[37m[0m[0m[39m
[37m[0m[1mLazy Chunk Files[22m         [2m | [22m[1mNames[22m       [2m | [22m[1mRaw Size[22m[0m[39m
[37m[0m[92mlibs_auth_src_index_ts.js[39m[37m[2m | [22mdeb-gpt-auth[2m | [22m [96m6.10 kB[39m[37m[2m | [22m[0m[39m
[37m[0m[0m[39m
[37m[0m5 unchanged chunks[0m[39m
[37m[0m[0m[39m
[37m[0mBuild at: [1m[37m2024-01-07T12:45:50.845Z[39m[37m[22m - Hash: [1m[37mb416bbbea3ebbe10[39m[37m[22m - Time: [1m[37m210[39m[37m[22mms[0m[39m
[37m[39m
[37m[92mâœ”[39m[37m Compiled successfully.[39m
[36mâ ‹[39m Generating browser application bundles...[2K[1G[36mâ ™[39m Generating browser application bundles (phase: sealing)...[2K[1G[32mâœ”[39m Browser application bundle generation complete.
[37m[39m
[37m[0m[1mInitial Chunk Files[22m      [2m | [22m[1mNames[22m       [2m | [22m[1mRaw Size[22m[0m[39m
[37m[0m[92mruntime.js[39m[37m               [2m | [22mruntime     [2m | [22m[96m12.61 kB[39m[37m[2m | [22m[0m[39m
[37m[0m[0m[39m
[37m[0m[1mLazy Chunk Files[22m         [2m | [22m[1mNames[22m       [2m | [22m[1mRaw Size[22m[0m[39m
[37m[0m[92mlibs_auth_src_index_ts.js[39m[37m[2m | [22mdeb-gpt-auth[2m | [22m [96m6.11 kB[39m[37m[2m | [22m[0m[39m
[37m[0m[0m[39m
[37m[0m5 unchanged chunks[0m[39m
[37m[0m[0m[39m
[37m[0mBuild at: [1m[37m2024-01-07T12:45:52.435Z[39m[37m[22m - Hash: [1m[37m13fce845ef70848e[39m[37m[22m - Time: [1m[37m156[39m[37m[22mms[0m[39m
[37m[39m
[37m[92mâœ”[39m[37m Compiled successfully.[39m
[36mâ ‹[39m Generating browser application bundles...[2K[1G[36mâ ™[39m Generating browser application bundles (phase: building)...[2K[1G[36mâ ¹[39m Generating browser application bundles (phase: building)...[2K[1G[36mâ ¸[39m Generating browser application bundles (phase: building)...[2K[1G[36mâ ¼[39m Generating browser application bundles (phase: building)...[2K[1G[36mâ ´[39m Generating browser application bundles (phase: building)...[2K[1G[36mâ ¦[39m Generating browser application bundles (phase: building)...[2K[1G[36mâ §[39m Generating browser application bundles (phase: building)...[2K[1G[36mâ ‡[39m Generating browser application bundles (phase: building)...[2K[1G[36mâ [39m Generating browser application bundles (phase: building)...[2K[1G[36mâ ‹[39m Generating browser application bundles (phase: building)...[2K[1G[36mâ ™[39m Generating browser application bundles (phase: building)...[2K[1G[36mâ ¹[39m Generating browser application bundles (phase: building)...[2K[1G[36mâ ¸[39m Generating browser application bundles (phase: building)...[2K[1G[36mâ ¼[39m Generating browser application bundles (phase: building)...[2K[1G[36mâ ´[39m Generating browser application bundles (phase: emitting)...[2K[1G[32mâœ”[39m Browser application bundle generation complete.
[37m[39m
[37m[0m[1mInitial Chunk Files[22m[2m | [22m[1mNames[22m  [2m | [22m[1mRaw Size[22m[0m[39m
[37m[0m[92mruntime.js[39m[37m         [2m | [22mruntime[2m | [22m[96m12.61 kB[39m[37m[2m | [22m[0m[39m
[37m[0m[0m[39m
[37m[0m6 unchanged chunks[0m[39m
[37m[0m[0m[39m
[37m[0mBuild at: [1m[37m2024-01-07T12:49:10.924Z[39m[37m[22m - Hash: [1m[37m140f4100f134811e[39m[37m[22m - Time: [1m[37m1598[39m[37m[22mms[0m[39m
[37m[39m
[37m[92mâœ”[39m[37m Compiled successfully.[39m
[36mâ ‹[39m Generating browser application bundles...[2K[1G[36mâ ™[39m Generating browser application bundles (phase: building)...[2K[1G[36mâ ¹[39m Generating browser application bundles (phase: building)...[2K[1G[36mâ ¸[39m Generating browser application bundles (phase: building)...[2K[1G[36mâ ¼[39m Generating browser application bundles (phase: building)...[2K[1G[36mâ ´[39m Generating browser application bundles (phase: building)...[2K[1G[36mâ ¦[39m Generating browser application bundles (phase: building)...[2K[1G[36mâ §[39m Generating browser application bundles (phase: building)...[2K[1G[36mâ ‡[39m Generating browser application bundles (phase: building)...[2K[1G[36mâ [39m Generating browser application bundles (phase: emitting)...[2K[1G[32mâœ”[39m Browser application bundle generation complete.
[37m[39m
[37m[0m[1mInitial Chunk Files[22m[2m | [22m[1mNames[22m  [2m | [22m[1mRaw Size[22m[0m[39m
[37m[0m[92mruntime.js[39m[37m         [2m | [22mruntime[2m | [22m[96m12.61 kB[39m[37m[2m | [22m[0m[39m
[37m[0m[0m[39m
[37m[0m6 unchanged chunks[0m[39m
[37m[0m[0m[39m
[37m[0mBuild at: [1m[37m2024-01-07T12:49:14.736Z[39m[37m[22m - Hash: [1m[37mc762fb1f62089aba[39m[37m[22m - Time: [1m[37m1129[39m[37m[22mms[0m[39m
[37m[39m
[37m[92mâœ”[39m[37m Compiled successfully.[39m
[36mâ ‹[39m Generating browser application bundles...[2K[1G[36mâ ™[39m Generating browser application bundles (phase: building)...[2K[1G[36mâ ¹[39m Generating browser application bundles (phase: building)...[2K[1G[36mâ ¸[39m Generating browser application bundles (phase: building)...[2K[1G[36mâ ¼[39m Generating browser application bundles (phase: building)...[2K[1G[36mâ ´[39m Generating browser application bundles (phase: building)...[2K[1G[36mâ ¦[39m Generating browser application bundles (phase: building)...[2K[1G[36mâ §[39m Generating browser application bundles (phase: building)...[2K[1G[36mâ ‡[39m Generating browser application bundles (phase: emitting)...[2K[1G[32mâœ”[39m Browser application bundle generation complete.
[37m[39m
[37m[0m[1mInitial Chunk Files[22m[2m | [22m[1mNames[22m  [2m | [22m[1mRaw Size[22m[0m[39m
[37m[0m[92mruntime.js[39m[37m         [2m | [22mruntime[2m | [22m[96m12.61 kB[39m[37m[2m | [22m[0m[39m
[37m[0m[0m[39m
[37m[0m6 unchanged chunks[0m[39m
[37m[0m[0m[39m
[37m[0mBuild at: [1m[37m2024-01-07T12:49:26.000Z[39m[37m[22m - Hash: [1m[37m53f7e5e6d023b610[39m[37m[22m - Time: [1m[37m1151[39m[37m[22mms[0m[39m
[37m[39m
[37m[92mâœ”[39m[37m Compiled successfully.[39m
[36mâ ‹[39m Generating browser application bundles...[2K[1G[36mâ ™[39m Generating browser application bundles (phase: building)...[2K[1G[36mâ ¹[39m Generating browser application bundles (phase: building)...[2K[1G[36mâ ¸[39m Generating browser application bundles (phase: building)...[2K[1G[36mâ ¼[39m Generating browser application bundles (phase: building)...[2K[1G[36mâ ´[39m Generating browser application bundles (phase: building)...[2K[1G[36mâ ¦[39m Generating browser application bundles (phase: building)...[2K[1G[36mâ §[39m Generating browser application bundles (phase: building)...[2K[1G[36mâ ‡[39m Generating browser application bundles (phase: emitting)...[2K[1G[32mâœ”[39m Browser application bundle generation complete.
[37m[39m
[37m[0m[1mInitial Chunk Files[22m[2m | [22m[1mNames[22m  [2m | [22m[1mRaw Size[22m[0m[39m
[37m[0m[92mruntime.js[39m[37m         [2m | [22mruntime[2m | [22m[96m12.61 kB[39m[37m[2m | [22m[0m[39m
[37m[0m[0m[39m
[37m[0m6 unchanged chunks[0m[39m
[37m[0m[0m[39m
[37m[0mBuild at: [1m[37m2024-01-07T12:49:33.725Z[39m[37m[22m - Hash: [1m[37m80192f6fd6af77c4[39m[37m[22m - Time: [1m[37m958[39m[37m[22mms[0m[39m
[37m[39m
[37m[92mâœ”[39m[37m Compiled successfully.[39m
[36mâ ‹[39m Generating browser application bundles...[2K[1G[36mâ ™[39m Generating browser application bundles (phase: building)...[2K[1G[36mâ ¹[39m Generating browser application bundles (phase: building)...[2K[1G[36mâ ¸[39m Generating browser application bundles (phase: building)...[2K[1G[36mâ ¼[39m Generating browser application bundles (phase: emitting)...[2K[1G[32mâœ”[39m Browser application bundle generation complete.
[37m[39m
[37m[0m[1mInitial Chunk Files[22m[2m | [22m[1mNames[22m  [2m | [22m[1mRaw Size[22m[0m[39m
[37m[0m[92mruntime.js[39m[37m         [2m | [22mruntime[2m | [22m[96m12.61 kB[39m[37m[2m | [22m[0m[39m
[37m[0m[92mmain.js[39m[37m            [2m | [22mmain   [2m | [22m [96m8.92 kB[39m[37m[2m | [22m[0m[39m
[37m[0m[0m[39m
[37m[0m5 unchanged chunks[0m[39m
[37m[0m[0m[39m
[37m[0mBuild at: [1m[37m2024-01-07T12:49:49.795Z[39m[37m[22m - Hash: [1m[37mf00fe569dc17624b[39m[37m[22m - Time: [1m[37m411[39m[37m[22mms[0m[39m
[37m[39m
[37m[92mâœ”[39m[37m Compiled successfully.[39m
