[36mâ ‹[39m Generating browser application bundles (phase: setup)...[2K[1G[36mâ ™[39m Generating browser application bundles (phase: building)...[2K[1G[36mâ ¹[39m Generating browser application bundles (phase: building)...[2K[1G[36mâ ¸[39m Generating browser application bundles (phase: building)...[2K[1G[36mâ ¼[39m Generating browser application bundles (phase: building)...[2K[1G[36mâ ´[39m Generating browser application bundles (phase: building)...[2K[1G[36mâ ¦[39m Generating browser application bundles (phase: building)...[2K[1G[36mâ §[39m Generating browser application bundles (phase: building)...[2K[1G[36mâ ‡[39m Generating browser application bundles (phase: building)...[2K[1G[36mâ [39m Generating browser application bundles (phase: building)...[2K[1G[36mâ ‹[39m Generating browser application bundles (phase: building)...[2K[1G[36mâ ™[39m Generating browser application bundles (phase: building)...[2K[1G[36mâ ¹[39m Generating browser application bundles (phase: building)...[2K[1G[36mâ ¸[39m Generating browser application bundles (phase: building)...[2K[1G[36mâ ¼[39m Generating browser application bundles (phase: building)...[2K[1G[36mâ ´[39m Generating browser application bundles (phase: building)...[2K[1G[36mâ ¦[39m Generating browser application bundles (phase: building)...[2K[1G[36mâ §[39m Generating browser application bundles (phase: building)...[2K[1G[36mâ ‡[39m Generating browser application bundles (phase: building)...[2K[1G[36mâ [39m Generating browser application bundles (phase: building)...[2K[1G[36mâ ‹[39m Generating browser application bundles (phase: building)...[2K[1G[36mâ ™[39m Generating browser application bundles (phase: building)...[2K[1G[36mâ ¹[39m Generating browser application bundles (phase: building)...[2K[1G[36mâ ¸[39m Generating browser application bundles (phase: building)...[2K[1G[36mâ ¼[39m Generating browser application bundles (phase: building)...[2K[1G[36mâ ´[39m Generating browser application bundles (phase: building)...[2K[1G[36mâ ¦[39m Generating browser application bundles (phase: building)...[2K[1G[36mâ §[39m Generating browser application bundles (phase: building)...[2K[1G[36mâ ‡[39m Generating browser application bundles (phase: building)...[2K[1G[36mâ [39m Generating browser application bundles (phase: building)...[2K[1G[36mâ ‹[39m Generating browser application bundles (phase: sealing)...[2K[1G[36mâ ™[39m Generating browser application bundles (phase: emitting)...[2K[1G[32mâœ”[39m Browser application bundle generation complete.
[37m[39m
[37m[0m[1mInitial Chunk Files[22m      [2m | [22m[1mNames[22m        [2m | [22m [1mRaw Size[22m[0m[39m
[37m[0m[92mvendor.js[39m[37m                [2m | [22mvendor       [2m | [22m  [96m3.47 MB[39m[37m[2m | [22m[0m[39m
[37m[0m[92mstyles.css, styles.js[39m[37m    [2m | [22mstyles       [2m | [22m[96m905.71 kB[39m[37m[2m | [22m[0m[39m
[37m[0m[92mpolyfills.js[39m[37m             [2m | [22mpolyfills    [2m | [22m[96m333.17 kB[39m[37m[2m | [22m[0m[39m
[37m[0m[92mruntime.js[39m[37m               [2m | [22mruntime      [2m | [22m [96m12.61 kB[39m[37m[2m | [22m[0m[39m
[37m[0m[92mmain.js[39m[37m                  [2m | [22mmain         [2m | [22m  [96m7.88 kB[39m[37m[2m | [22m[0m[39m
[37m[0m[0m[39m
[37m[0m[1m [22m                        [2m | [22m[1mInitial Total[22m[2m | [22m  [1m4.70 MB[22m[0m[39m
[37m[0m[0m[39m
[37m[0m[1mLazy Chunk Files[22m         [2m | [22m[1mNames[22m        [2m | [22m [1mRaw Size[22m[0m[39m
[37m[0m[92mlibs_core_src_index_ts.js[39m[37m[2m | [22mdeb-gpt-core [2m | [22m[96m362.04 kB[39m[37m[2m | [22m[0m[39m
[37m[0m[92mlibs_auth_src_index_ts.js[39m[37m[2m | [22mdeb-gpt-auth [2m | [22m  [96m3.31 kB[39m[37m[2m | [22m[0m[39m
[37m[0m[0m[39m
[37m[0mBuild at: [1m[37m2024-01-06T15:41:19.838Z[39m[37m[22m - Hash: [1m[37mc224ee40290bc0a4[39m[37m[22m - Time: [1m[37m7353[39m[37m[22mms[0m[39m
[1m[33m[39m[22m
[1m[33m[0m[33mWarning: [39m[33m[0m/Users/debanilguha/Desktop/Projects/DEB-GPT Full Stack/deb-gpt/libs/core/src/lib/core.module.ts depends on 'prismjs'. CommonJS or AMD dependencies can cause optimization bailouts.[39m[22m
[1m[33mFor more info see: https://angular.io/guide/build#configuring-commonjs-dependencies[39m[22m
[1m[33m[39m[22m
[1m[33m[39m[22m
[37m[39m
[37m** Angular Live Development Server is listening on localhost:4200, open your browser on http://localhost:4200/ **[39m
[37m[39m
[37m[39m
[37m[92mâœ”[39m[37m Compiled successfully.[39m
[36mâ ‹[39m Generating browser application bundles...[2K[1G[36mâ ™[39m Generating browser application bundles (phase: building)...[2K[1G[36mâ ¹[39m Generating browser application bundles (phase: building)...[2K[1G[36mâ ¸[39m Generating browser application bundles (phase: building)...[2K[1G[36mâ ¼[39m Generating browser application bundles (phase: building)...[2K[1G[36mâ ´[39m Generating browser application bundles (phase: building)...[2K[1G[36mâ ¦[39m Generating browser application bundles (phase: building)...[2K[1G[36mâ §[39m Generating browser application bundles (phase: building)...[2K[1G[36mâ ‡[39m Generating browser application bundles (phase: building)...[2K[1G[36mâ [39m Generating browser application bundles (phase: building)...[2K[1G[36mâ ‹[39m Generating browser application bundles (phase: building)...[2K[1G[36mâ ™[39m Generating browser application bundles (phase: building)...[2K[1G[36mâ ¹[39m Generating browser application bundles (phase: building)...[2K[1G[36mâ ¸[39m Generating browser application bundles (phase: building)...[2K[1G[36mâ ¼[39m Generating browser application bundles (phase: building)...[2K[1G[36mâ ´[39m Generating browser application bundles (phase: building)...[2K[1G[36mâ ¦[39m Generating browser application bundles (phase: building)...[2K[1G[36mâ §[39m Generating browser application bundles (phase: building)...[2K[1G[36mâ ‡[39m Generating browser application bundles (phase: building)...[2K[1G[36mâ [39m Generating browser application bundles (phase: building)...[2K[1G[36mâ ‹[39m Generating browser application bundles (phase: building)...[2K[1G[36mâ ™[39m Generating browser application bundles (phase: building)...[2K[1G[36mâ ¹[39m Generating browser application bundles (phase: building)...[2K[1G[36mâ ¸[39m Generating browser application bundles (phase: building)...[2K[1G[36mâ ¼[39m Generating browser application bundles (phase: building)...[2K[1G[36mâ ´[39m Generating browser application bundles (phase: sealing)...[2K[1G[36mâ ¦[39m Generating browser application bundles (phase: emitting)...[2K[1G[32mâœ”[39m Browser application bundle generation complete.
[37m[39m
[37m[0m[1mInitial Chunk Files[22m[2m | [22m[1mNames[22m  [2m | [22m[1mRaw Size[22m[0m[39m
[37m[0m[92mruntime.js[39m[37m         [2m | [22mruntime[2m | [22m[96m12.61 kB[39m[37m[2m | [22m[0m[39m
[37m[0m[92mmain.js[39m[37m            [2m | [22mmain   [2m | [22m [96m7.87 kB[39m[37m[2m | [22m[0m[39m
[37m[0m[0m[39m
[37m[0m5 unchanged chunks[0m[39m
[37m[0m[0m[39m
[37m[0mBuild at: [1m[37m2024-01-06T16:07:03.848Z[39m[37m[22m - Hash: [1m[37m9b8e92dfecf9bd43[39m[37m[22m - Time: [1m[37m3505[39m[37m[22mms[0m[39m
[37m[39m
[37m[92mâœ”[39m[37m Compiled successfully.[39m
[36mâ ‹[39m Generating browser application bundles...[2K[1G[36mâ ™[39m Generating browser application bundles (phase: building)...[2K[1G[36mâ ¹[39m Generating browser application bundles (phase: sealing)...[2K[1G[36mâ ¸[39m Generating browser application bundles (phase: emitting)...[2K[1G[32mâœ”[39m Browser application bundle generation complete.
[37m[39m
[37m[0m[1mInitial Chunk Files[22m[2m | [22m[1mNames[22m  [2m | [22m[1mRaw Size[22m[0m[39m
[37m[0m[92mruntime.js[39m[37m         [2m | [22mruntime[2m | [22m[96m12.61 kB[39m[37m[2m | [22m[0m[39m
[37m[0m[92mmain.js[39m[37m            [2m | [22mmain   [2m | [22m [96m7.88 kB[39m[37m[2m | [22m[0m[39m
[37m[0m[0m[39m
[37m[0m5 unchanged chunks[0m[39m
[37m[0m[0m[39m
[37m[0mBuild at: [1m[37m2024-01-06T16:07:08.962Z[39m[37m[22m - Hash: [1m[37m0108d68406a9acf3[39m[37m[22m - Time: [1m[37m412[39m[37m[22mms[0m[39m
[37m[39m
[37m[92mâœ”[39m[37m Compiled successfully.[39m
[36mâ ‹[39m Generating browser application bundles...[2K[1G[36mâ ™[39m Generating browser application bundles (phase: building)...[2K[1G[36mâ ¹[39m Generating browser application bundles (phase: sealing)...[2K[1G[36mâ ¸[39m Generating browser application bundles (phase: emitting)...[2K[1G[32mâœ”[39m Browser application bundle generation complete.
[37m[39m
[37m[0m[1mInitial Chunk Files[22m[2m | [22m[1mNames[22m  [2m | [22m[1mRaw Size[22m[0m[39m
[37m[0m[92mruntime.js[39m[37m         [2m | [22mruntime[2m | [22m[96m12.61 kB[39m[37m[2m | [22m[0m[39m
[37m[0m[92mmain.js[39m[37m            [2m | [22mmain   [2m | [22m [96m7.88 kB[39m[37m[2m | [22m[0m[39m
[37m[0m[0m[39m
[37m[0m5 unchanged chunks[0m[39m
[37m[0m[0m[39m
[37m[0mBuild at: [1m[37m2024-01-06T16:13:57.477Z[39m[37m[22m - Hash: [1m[37mfd1a3104e9253a7b[39m[37m[22m - Time: [1m[37m444[39m[37m[22mms[0m[39m
[37m[39m
[37m[92mâœ”[39m[37m Compiled successfully.[39m
[36mâ ‹[39m Generating browser application bundles...[2K[1G[36mâ ™[39m Generating browser application bundles (phase: building)...[2K[1G[36mâ ¹[39m Generating browser application bundles (phase: sealing)...[2K[1G[32mâœ”[39m Browser application bundle generation complete.
[37m[39m
[37m[0m[1mInitial Chunk Files[22m[2m | [22m[1mNames[22m  [2m | [22m[1mRaw Size[22m[0m[39m
[37m[0m[92mmain.js[39m[37m            [2m | [22mmain   [2m | [22m[96m15.39 kB[39m[37m[2m | [22m[0m[39m
[37m[0m[92mruntime.js[39m[37m         [2m | [22mruntime[2m | [22m [96m6.51 kB[39m[37m[2m | [22m[0m[39m
[37m[0m[0m[39m
[37m[0m3 unchanged chunks[0m[39m
[37m[0m[0m[39m
[37m[0mBuild at: [1m[37m2024-01-06T16:14:11.226Z[39m[37m[22m - Hash: [1m[37m67a91e4092fd3cf9[39m[37m[22m - Time: [1m[37m457[39m[37m[22mms[0m[39m
[1m[31m[39m[22m
[1m[31m[0m[36m./apps/deb-gpt/src/app/app.routes.ts[39m[31m[0m - [0m[91mError: [39m[31m[0mModule build failed (from ./node_modules/@angular-devkit/build-angular/src/tools/babel/webpack-loader.js):[39m[22m
[1m[31mSyntaxError: /Users/debanilguha/Desktop/Projects/DEB-GPT Full Stack/deb-gpt/apps/deb-gpt/src/app/app.routes.ts: Unexpected token (2:129)[39m[22m
[1m[31m[39m[22m
[1m[31m[0m [90m 1 |[39m[31m [36mexport[39m[31m [36mconst[39m[31m appRoutes [33m=[39m[31m [[0m[39m[22m
[1m[31m[0m[31m[1m>[22m[1m[39m[31m[90m 2 |[39m[31m     { path[33m:[39m[31m layout[33m,[39m[31m [32m',loadChildren: () => import('[39m[31m[33m:[39m[31m  [33m-[39m[31m gpt [33m/[39m[31m core[33m,[39m[31m [32m').then(m => m.CoreModule),outlet:"contentOutlet"},: { path: '[39m[31m[32m', loadChildren: () => import('[39m[31m[33m@[39m[31mdeb[33m-[39m[31mgpt[33m/[39m[31mauth[32m').then(m => m.AuthModule), outlet: "contentOutlet" }, }[39m[31m[0m[39m[22m
[1m[31m[0m [90m   |[39m[31m                                                                                                                                  [31m[1m^[22m[1m[39m[31m[0m[39m[22m
[1m[31m[0m [90m 3 |[39m[31m ][33m;[39m[31m[0m[39m[22m
[1m[31m[0m [90m 4 |[39m[31m[0m[39m[22m
[1m[31m[39m[22m
[1m[31m[0m[91mError: [39m[31m[0m[96mapps/deb-gpt/src/app/app.routes.ts[0m:[93m5[0m:[93m9[0m - [91merror[0m[90m TS2304: [0mCannot find name 'layout'.[39m[22m
[1m[31m[39m[22m
[1m[31m[7m5[0m   {path:layout',loadChildren: () => import('@deb-gpt/core').then(m => m.CoreModule),outlet:"contentOutlet"},[39m[22m
[1m[31m[7m [0m [91m        ~~~~~~[0m[39m[22m
[1m[31m[39m[22m
[1m[31m[39m[22m
[1m[31m[0m[91mError: [39m[31m[0m[96mapps/deb-gpt/src/app/app.routes.ts[0m:[93m5[0m:[93m15[0m - [91merror[0m[90m TS1005: [0m',' expected.[39m[22m
[1m[31m[39m[22m
[1m[31m[7m5[0m   {path:layout',loadChildren: () => import('@deb-gpt/core').then(m => m.CoreModule),outlet:"contentOutlet"},[39m[22m
[1m[31m[7m [0m [91m              ~~~~~~~~~~~~~~~~~~~~~~~~~~~~~~[0m[39m[22m
[1m[31m[39m[22m
[1m[31m[39m[22m
[1m[31m[0m[91mError: [39m[31m[0m[96mapps/deb-gpt/src/app/app.routes.ts[0m:[93m5[0m:[93m15[0m - [91merror[0m[90m TS2322: [0mType '{ path: any; ',loadChildren: () => import(': number; ').then(m => m.CoreModule),outlet:"contentOutlet"},': { path: string; loadChildren: () => Promise<typeof AuthModule>; outlet: string;[39m[22m[1m[31m }; }' is not assignable to type 'Route'.[39m[22m
[1m[31m  Object literal may only specify known properties, and '',loadChildren: () => import('' does not exist in type 'Route'.[39m[22m
[1m[31m[39m[22m
[1m[31m[7m5[0m   {path:layout',loadChildren: () => import('@deb-gpt/core').then(m => m.CoreModule),outlet:"contentOutlet"},[39m[22m
[1m[31m[7m [0m [91m              ~~~~~~~~~~~~~~~~~~~~~~~~~~~~~~[0m[39m[22m
[1m[31m[39m[22m
[1m[31m[39m[22m
[1m[31m[0m[91mError: [39m[31m[0m[96mapps/deb-gpt/src/app/app.routes.ts[0m:[93m5[0m:[93m45[0m - [91merror[0m[90m TS1005: [0m':' expected.[39m[22m
[1m[31m[39m[22m
[1m[31m[7m5[0m   {path:layout',loadChildren: () => import('@deb-gpt/core').then(m => m.CoreModule),outlet:"contentOutlet"},[39m[22m
[1m[31m[7m [0m [91m                                            ~[0m[39m[22m
[1m[31m[39m[22m
[1m[31m[39m[22m
[1m[31m[0m[91mError: [39m[31m[0m[96mapps/deb-gpt/src/app/app.routes.ts[0m:[93m5[0m:[93m49[0m - [91merror[0m[90m TS1109: [0mExpression expected.[39m[22m
[1m[31m[39m[22m
[1m[31m[7m5[0m   {path:layout',loadChildren: () => import('@deb-gpt/core').then(m => m.CoreModule),outlet:"contentOutlet"},[39m[22m
[1m[31m[7m [0m [91m                                                [0m[39m[22m
[1m[31m[39m[22m
[1m[31m[39m[22m
[1m[31m[0m[91mError: [39m[31m[0m[96mapps/deb-gpt/src/app/app.routes.ts[0m:[93m5[0m:[93m50[0m - [91merror[0m[90m TS2304: [0mCannot find name 'gpt'.[39m[22m
[1m[31m[39m[22m
[1m[31m[7m5[0m   {path:layout',loadChildren: () => import('@deb-gpt/core').then(m => m.CoreModule),outlet:"contentOutlet"},[39m[22m
[1m[31m[7m [0m [91m                                                 ~~~[0m[39m[22m
[1m[31m[39m[22m
[1m[31m[39m[22m
[1m[31m[0m[91mError: [39m[31m[0m[96mapps/deb-gpt/src/app/app.routes.ts[0m:[93m5[0m:[93m54[0m - [91merror[0m[90m TS2304: [0mCannot find name 'core'.[39m[22m
[1m[31m[39m[22m
[1m[31m[7m5[0m   {path:layout',loadChildren: () => import('@deb-gpt/core').then(m => m.CoreModule),outlet:"contentOutlet"},[39m[22m
[1m[31m[7m [0m [91m                                                     ~~~~[0m[39m[22m
[1m[31m[39m[22m
[1m[31m[39m[22m
[1m[31m[0m[91mError: [39m[31m[0m[96mapps/deb-gpt/src/app/app.routes.ts[0m:[93m5[0m:[93m58[0m - [91merror[0m[90m TS1005: [0m',' expected.[39m[22m
[1m[31m[39m[22m
[1m[31m[7m5[0m   {path:layout',loadChildren: () => import('@deb-gpt/core').then(m => m.CoreModule),outlet:"contentOutlet"},[39m[22m
[1m[31m[7m [0m [91m                  [39m[22m[1m[31m                                       ~~~~~~~~~~~~~~~~~~~~~~~~~~~~~~~~~~~~~~~~~~~~~~~~~~~[0m[39m[22m
[1m[31m[39m[22m
[1m[31m[39m[22m
[1m[31m[0m[91mError: [39m[31m[0m[96mapps/deb-gpt/src/app/app.routes.ts[0m:[93m5[0m:[93m109[0m - [91merror[0m[90m TS1002: [0mUnterminated string literal.[39m[22m
[1m[31m[39m[22m
[1m[31m[7m5[0m   {path:layout',loadChildren: () => import('@deb-gpt/core').then(m => m.CoreModule),outlet:"contentOutlet"},[39m[22m
[1m[31m[7m [0m [91m                                                                                                            [0m[39m[22m
[1m[31m[39m[22m
[1m[31m[39m[22m
[1m[31m[0m[91mError: [39m[31m[0m[96mapps/deb-gpt/src/app/app.routes.ts[0m:[93m6[0m:[93m3[0m - [91merror[0m[90m TS1005: [0m':' expected.[39m[22m
[1m[31m[39m[22m
[1m[31m[7m6[0m   {path:'',loadChildren: () => import('@deb-gpt/auth').then(m => m.AuthModule),outlet:"contentOutlet"},[39m[22m
[1m[31m[7m [0m [91m  ~[0m[39m[22m
[1m[31m[39m[22m
[1m[31m[39m[22m
[1m[31m[0m[91mError: [39m[31m[0m[96mapps/deb-gpt/src/app/app.routes.ts[0m:[93m7[0m:[93m1[0m - [91merror[0m[90m TS1136: [0mProperty assignment expected.[39m[22m
[1m[31m[39m[22m
[1m[31m[7m7[0m ];[39m[22m
[1m[31m[7m [0m [91m~[0m[39m[22m
[1m[31m[39m[22m
[1m[31m[39m[22m
[1m[31m[39m[22m
[37m[39m
[37m[91mâœ–[39m[37m Failed to compile.[39m
[36mâ ‹[39m Generating browser application bundles...[2K[1G[36mâ ™[39m Generating browser application bundles (phase: building)...[2K[1G[36mâ ¹[39m Generating browser application bundles (phase: building)...[2K[1G[36mâ ¸[39m Generating browser application bundles (phase: building)...[2K[1G[36mâ ¼[39m Generating browser application bundles (phase: sealing)...[2K[1G[36mâ ´[39m Generating browser application bundles (phase: emitting)...[2K[1G[32mâœ”[39m Browser application bundle generation complete.
[37m[39m
[37m[0m[1mInitial Chunk Files[22m[2m | [22m[1mNames[22m  [2m | [22m[1mRaw Size[22m[0m[39m
[37m[0m[92mruntime.js[39m[37m         [2m | [22mruntime[2m | [22m[96m12.61 kB[39m[37m[2m | [22m[0m[39m
[37m[0m[92mmain.js[39m[37m            [2m | [22mmain   [2m | [22m [96m7.88 kB[39m[37m[2m | [22m[0m[39m
[37m[0m[0m[39m
[37m[0m5 unchanged chunks[0m[39m
[37m[0m[0m[39m
[37m[0mBuild at: [1m[37m2024-01-06T16:14:13.137Z[39m[37m[22m - Hash: [1m[37m1efb8dd07b87ac06[39m[37m[22m - Time: [1m[37m984[39m[37m[22mms[0m[39m
[37m[39m
[37m[92mâœ”[39m[37m Compiled successfully.[39m
[36mâ ‹[39m Generating browser application bundles...[2K[1G[36mâ ™[39m Generating browser application bundles (phase: building)...[2K[1G[36mâ ¹[39m Generating browser application bundles (phase: building)...[2K[1G[36mâ ¸[39m Generating browser application bundles (phase: sealing)...[2K[1G[36mâ ¼[39m Generating browser application bundles (phase: emitting)...[2K[1G[32mâœ”[39m Browser application bundle generation complete.
[37m[39m
[37m[0m[1mInitial Chunk Files[22m[2m | [22m[1mNames[22m  [2m | [22m[1mRaw Size[22m[0m[39m
[37m[0m[92mruntime.js[39m[37m         [2m | [22mruntime[2m | [22m[96m12.61 kB[39m[37m[2m | [22m[0m[39m
[37m[0m[92mmain.js[39m[37m            [2m | [22mmain   [2m | [22m [96m7.88 kB[39m[37m[2m | [22m[0m[39m
[37m[0m[0m[39m
[37m[0m5 unchanged chunks[0m[39m
[37m[0m[0m[39m
[37m[0mBuild at: [1m[37m2024-01-06T16:14:17.697Z[39m[37m[22m - Hash: [1m[37m26984fff9003ae18[39m[37m[22m - Time: [1m[37m447[39m[37m[22mms[0m[39m
[37m[39m
[37m[92mâœ”[39m[37m Compiled successfully.[39m
[36mâ ‹[39m Generating browser application bundles...[2K[1G[36mâ ™[39m Generating browser application bundles (phase: building)...[2K[1G[36mâ ¹[39m Generating browser application bundles (phase: sealing)...[2K[1G[36mâ ¸[39m Generating browser application bundles (phase: emitting)...[2K[1G[32mâœ”[39m Browser application bundle generation complete.
[37m[39m
[37m[0m[1mInitial Chunk Files[22m[2m | [22m[1mNames[22m  [2m | [22m[1mRaw Size[22m[0m[39m
[37m[0m[92mruntime.js[39m[37m         [2m | [22mruntime[2m | [22m[96m12.61 kB[39m[37m[2m | [22m[0m[39m
[37m[0m[92mmain.js[39m[37m            [2m | [22mmain   [2m | [22m [96m7.96 kB[39m[37m[2m | [22m[0m[39m
[37m[0m[0m[39m
[37m[0m5 unchanged chunks[0m[39m
[37m[0m[0m[39m
[37m[0mBuild at: [1m[37m2024-01-06T16:14:50.033Z[39m[37m[22m - Hash: [1m[37m758bdac93b1c1096[39m[37m[22m - Time: [1m[37m408[39m[37m[22mms[0m[39m
[37m[39m
[37m[92mâœ”[39m[37m Compiled successfully.[39m
[36mâ ‹[39m Generating browser application bundles...[2K[1G[36mâ ™[39m Generating browser application bundles (phase: building)...[2K[1G[36mâ ¹[39m Generating browser application bundles (phase: sealing)...[2K[1G[36mâ ¸[39m Generating browser application bundles (phase: emitting)...[2K[1G[32mâœ”[39m Browser application bundle generation complete.
[37m[39m
[37m[0m[1mInitial Chunk Files[22m[2m | [22m[1mNames[22m  [2m | [22m[1mRaw Size[22m[0m[39m
[37m[0m[92mruntime.js[39m[37m         [2m | [22mruntime[2m | [22m[96m12.61 kB[39m[37m[2m | [22m[0m[39m
[37m[0m[92mmain.js[39m[37m            [2m | [22mmain   [2m | [22m [96m7.88 kB[39m[37m[2m | [22m[0m[39m
[37m[0m[0m[39m
[37m[0m5 unchanged chunks[0m[39m
[37m[0m[0m[39m
[37m[0mBuild at: [1m[37m2024-01-06T16:14:51.253Z[39m[37m[22m - Hash: [1m[37m26984fff9003ae18[39m[37m[22m - Time: [1m[37m381[39m[37m[22mms[0m[39m
[37m[39m
[37m[92mâœ”[39m[37m Compiled successfully.[39m
[36mâ ‹[39m Generating browser application bundles...[2K[1G[36mâ ™[39m Generating browser application bundles (phase: building)...[2K[1G[36mâ ¹[39m Generating browser application bundles (phase: sealing)...[2K[1G[36mâ ¸[39m Generating browser application bundles (phase: emitting)...[2K[1G[32mâœ”[39m Browser application bundle generation complete.
[37m[39m
[37m[0m[1mInitial Chunk Files[22m[2m | [22m[1mNames[22m  [2m | [22m[1mRaw Size[22m[0m[39m
[37m[0m[92mruntime.js[39m[37m         [2m | [22mruntime[2m | [22m[96m12.61 kB[39m[37m[2m | [22m[0m[39m
[37m[0m[92mmain.js[39m[37m            [2m | [22mmain   [2m | [22m [96m7.90 kB[39m[37m[2m | [22m[0m[39m
[37m[0m[0m[39m
[37m[0m5 unchanged chunks[0m[39m
[37m[0m[0m[39m
[37m[0mBuild at: [1m[37m2024-01-06T16:14:54.643Z[39m[37m[22m - Hash: [1m[37m914f21d339a6dd84[39m[37m[22m - Time: [1m[37m400[39m[37m[22mms[0m[39m
[37m[39m
[37m[92mâœ”[39m[37m Compiled successfully.[39m
[36mâ ‹[39m Generating browser application bundles...[2K[1G[36mâ ™[39m Generating browser application bundles (phase: building)...[2K[1G[36mâ ¹[39m Generating browser application bundles (phase: sealing)...[2K[1G[36mâ ¸[39m Generating browser application bundles (phase: emitting)...[2K[1G[32mâœ”[39m Browser application bundle generation complete.
[37m[39m
[37m[0m[1mInitial Chunk Files[22m[2m | [22m[1mNames[22m  [2m | [22m[1mRaw Size[22m[0m[39m
[37m[0m[92mruntime.js[39m[37m         [2m | [22mruntime[2m | [22m[96m12.61 kB[39m[37m[2m | [22m[0m[39m
[37m[0m[92mmain.js[39m[37m            [2m | [22mmain   [2m | [22m [96m7.93 kB[39m[37m[2m | [22m[0m[39m
[37m[0m[0m[39m
[37m[0m5 unchanged chunks[0m[39m
[37m[0m[0m[39m
[37m[0mBuild at: [1m[37m2024-01-06T16:15:00.394Z[39m[37m[22m - Hash: [1m[37md80b756de24b5d8b[39m[37m[22m - Time: [1m[37m401[39m[37m[22mms[0m[39m
[37m[39m
[37m[92mâœ”[39m[37m Compiled successfully.[39m
[36mâ ‹[39m Generating browser application bundles...[2K[1G[36mâ ™[39m Generating browser application bundles (phase: building)...[2K[1G[36mâ ¹[39m Generating browser application bundles (phase: sealing)...[2K[1G[36mâ ¸[39m Generating browser application bundles (phase: emitting)...[2K[1G[32mâœ”[39m Browser application bundle generation complete.
[37m[39m
[37m[0m[1mInitial Chunk Files[22m[2m | [22m[1mNames[22m  [2m | [22m[1mRaw Size[22m[0m[39m
[37m[0m[92mruntime.js[39m[37m         [2m | [22mruntime[2m | [22m[96m12.61 kB[39m[37m[2m | [22m[0m[39m
[37m[0m[92mmain.js[39m[37m            [2m | [22mmain   [2m | [22m [96m7.92 kB[39m[37m[2m | [22m[0m[39m
[37m[0m[0m[39m
[37m[0m5 unchanged chunks[0m[39m
[37m[0m[0m[39m
[37m[0mBuild at: [1m[37m2024-01-06T16:15:12.449Z[39m[37m[22m - Hash: [1m[37m79a4b8ff6daa2d1d[39m[37m[22m - Time: [1m[37m390[39m[37m[22mms[0m[39m
[37m[39m
[37m[92mâœ”[39m[37m Compiled successfully.[39m
[36mâ ‹[39m Generating browser application bundles...[2K[1G[36mâ ™[39m Generating browser application bundles (phase: building)...[2K[1G[36mâ ¹[39m Generating browser application bundles (phase: sealing)...[2K[1G[36mâ ¸[39m Generating browser application bundles (phase: emitting)...[2K[1G[32mâœ”[39m Browser application bundle generation complete.
[37m[39m
[37m[0m[1mInitial Chunk Files[22m[2m | [22m[1mNames[22m  [2m | [22m[1mRaw Size[22m[0m[39m
[37m[0m[92mruntime.js[39m[37m         [2m | [22mruntime[2m | [22m[96m12.61 kB[39m[37m[2m | [22m[0m[39m
[37m[0m[92mmain.js[39m[37m            [2m | [22mmain   [2m | [22m [96m7.93 kB[39m[37m[2m | [22m[0m[39m
[37m[0m[0m[39m
[37m[0m5 unchanged chunks[0m[39m
[37m[0m[0m[39m
[37m[0mBuild at: [1m[37m2024-01-06T16:15:13.636Z[39m[37m[22m - Hash: [1m[37m82726ceeb5631c98[39m[37m[22m - Time: [1m[37m290[39m[37m[22mms[0m[39m
[37m[39m
[37m[92mâœ”[39m[37m Compiled successfully.[39m
[36mâ ‹[39m Generating browser application bundles...[2K[1G[36mâ ™[39m Generating browser application bundles (phase: building)...[2K[1G[36mâ ¹[39m Generating browser application bundles (phase: sealing)...[2K[1G[36mâ ¸[39m Generating browser application bundles (phase: emitting)...[2K[1G[32mâœ”[39m Browser application bundle generation complete.
[37m[39m
[37m[0m[1mInitial Chunk Files[22m[2m | [22m[1mNames[22m  [2m | [22m[1mRaw Size[22m[0m[39m
[37m[0m[92mruntime.js[39m[37m         [2m | [22mruntime[2m | [22m[96m12.61 kB[39m[37m[2m | [22m[0m[39m
[37m[0m[92mmain.js[39m[37m            [2m | [22mmain   [2m | [22m [96m7.92 kB[39m[37m[2m | [22m[0m[39m
[37m[0m[0m[39m
[37m[0m5 unchanged chunks[0m[39m
[37m[0m[0m[39m
[37m[0mBuild at: [1m[37m2024-01-06T16:15:27.607Z[39m[37m[22m - Hash: [1m[37m04163b3e6a2c84bc[39m[37m[22m - Time: [1m[37m401[39m[37m[22mms[0m[39m
[37m[39m
[37m[92mâœ”[39m[37m Compiled successfully.[39m
[36mâ ‹[39m Generating browser application bundles...[2K[1G[36mâ ™[39m Generating browser application bundles (phase: building)...[2K[1G[36mâ ¹[39m Generating browser application bundles (phase: sealing)...[2K[1G[36mâ ¸[39m Generating browser application bundles (phase: emitting)...[2K[1G[32mâœ”[39m Browser application bundle generation complete.
[37m[39m
[37m[0m[1mInitial Chunk Files[22m[2m | [22m[1mNames[22m  [2m | [22m[1mRaw Size[22m[0m[39m
[37m[0m[92mruntime.js[39m[37m         [2m | [22mruntime[2m | [22m[96m12.61 kB[39m[37m[2m | [22m[0m[39m
[37m[0m[92mmain.js[39m[37m            [2m | [22mmain   [2m | [22m [96m7.92 kB[39m[37m[2m | [22m[0m[39m
[37m[0m[0m[39m
[37m[0m5 unchanged chunks[0m[39m
[37m[0m[0m[39m
[37m[0mBuild at: [1m[37m2024-01-06T16:15:43.623Z[39m[37m[22m - Hash: [1m[37m949d0fa2d650245b[39m[37m[22m - Time: [1m[37m435[39m[37m[22mms[0m[39m
[37m[39m
[37m[92mâœ”[39m[37m Compiled successfully.[39m
[36mâ ‹[39m Generating browser application bundles...[2K[1G[36mâ ™[39m Generating browser application bundles (phase: building)...[2K[1G[36mâ ¹[39m Generating browser application bundles (phase: building)...[2K[1G[32mâœ”[39m Browser application bundle generation complete.
[37m[39m
[37m[0m[1mInitial Chunk Files[22m[2m | [22m[1mNames[22m  [2m | [22m[1mRaw Size[22m[0m[39m
[37m[0m[92mruntime.js[39m[37m         [2m | [22mruntime[2m | [22m[96m12.61 kB[39m[37m[2m | [22m[0m[39m
[37m[0m[92mmain.js[39m[37m            [2m | [22mmain   [2m | [22m [96m8.51 kB[39m[37m[2m | [22m[0m[39m
[37m[0m[0m[39m
[37m[0m5 unchanged chunks[0m[39m
[37m[0m[0m[39m
[37m[0mBuild at: [1m[37m2024-01-06T16:15:49.036Z[39m[37m[22m - Hash: [1m[37m7c26353c177b34b5[39m[37m[22m - Time: [1m[37m396[39m[37m[22mms[0m[39m
[1m[31m[39m[22m
[1m[31m[0m[91mError: [39m[31m[0m[96mapps/deb-gpt/src/app/app.component.html[0m:[93m1[0m:[93m25[0m - [91merror[0m[90m TS2339: [0mProperty 'show' does not exist on type 'AppComponent'.[39m[22m
[1m[31m[39m[22m
[1m[31m[7m1[0m   <router-outlet *ngIf="show" name="contentOutlet"></router-outlet>[39m[22m
[1m[31m[7m [0m [91m                        ~~~~[0m[39m[22m
[1m[31m[39m[22m
[1m[31m  [96mapps/deb-gpt/src/app/app.component.ts[0m:[93m5[0m:[93m16[0m[39m[22m
[1m[31m    [7m5[0m   templateUrl: './app.component.html',[39m[22m
[1m[31m    [7m [0m [96m               ~~~~~~~~~~~~~~~~~~~~~~[0m[39m[22m
[1m[31m    Error occurs in the template of component AppComponent.[39m[22m
[1m[31m[39m[22m
[1m[31m[39m[22m
[1m[31m[39m[22m
[37m[39m
[37m[91mâœ–[39m[37m Failed to compile.[39m
[36mâ ‹[39m Generating browser application bundles...[2K[1G[36mâ ™[39m Generating browser application bundles (phase: building)...[2K[1G[36mâ ¹[39m Generating browser application bundles (phase: sealing)...[2K[1G[32mâœ”[39m Browser application bundle generation complete.
[37m[39m
[37m[0m[1mInitial Chunk Files[22m[2m | [22m[1mNames[22m  [2m | [22m[1mRaw Size[22m[0m[39m
[37m[0m[92mruntime.js[39m[37m         [2m | [22mruntime[2m | [22m[96m12.61 kB[39m[37m[2m | [22m[0m[39m
[37m[0m[92mmain.js[39m[37m            [2m | [22mmain   [2m | [22m [96m8.91 kB[39m[37m[2m | [22m[0m[39m
[37m[0m[0m[39m
[37m[0m5 unchanged chunks[0m[39m
[37m[0m[0m[39m
[37m[0mBuild at: [1m[37m2024-01-06T16:15:54.838Z[39m[37m[22m - Hash: [1m[37m0bbe60023345d011[39m[37m[22m - Time: [1m[37m308[39m[37m[22mms[0m[39m
[1m[31m[39m[22m
[1m[31m[0m[91mError: [39m[31m[0m[96mapps/deb-gpt/src/app/app.component.html[0m:[93m1[0m:[93m25[0m - [91merror[0m[90m TS2339: [0mProperty 'show' does not exist on type 'AppComponent'.[39m[22m
[1m[31m[39m[22m
[1m[31m[7m1[0m   <router-outlet *ngIf="show" name="contentOutlet"></router-outlet>[39m[22m
[1m[31m[7m [0m [91m                        ~~~~[0m[39m[22m
[1m[31m[39m[22m
[1m[31m  [96mapps/deb-gpt/src/app/app.component.ts[0m:[93m5[0m:[93m16[0m[39m[22m
[1m[31m    [7m5[0m   templateUrl: './app.component.html',[39m[22m
[1m[31m    [7m [0m [96m               ~~~~~~~~~~~~~~~~~~~~~~[0m[39m[22m
[1m[31m    Error occurs in the template of component AppComponent.[39m[22m
[1m[31m[39m[22m
[1m[31m[39m[22m
[1m[31m[0m[91mError: [39m[31m[0m[96mapps/deb-gpt/src/app/app.component.html[0m:[93m2[0m:[93m25[0m - [91merror[0m[90m TS2339: [0mProperty 'show' does not exist on type 'AppComponent'.[39m[22m
[1m[31m[39m[22m
[1m[31m[7m2[0m   <router-outlet *ngIf="show" name="authOutlet"></router-outlet>[39m[22m
[1m[31m[7m [0m [91m                        ~~~~[0m[39m[22m
[1m[31m[39m[22m
[1m[31m  [96mapps/deb-gpt/src/app/app.component.ts[0m:[93m5[0m:[93m16[0m[39m[22m
[1m[31m    [7m5[0m   templateUrl: './app.component.html',[39m[22m
[1m[31m    [7m [0m [96m               ~~~~~~~~~~~~~~~~~~~~~~[0m[39m[22m
[1m[31m    Error occurs in the template of component AppComponent.[39m[22m
[1m[31m[39m[22m
[1m[31m[39m[22m
[1m[31m[39m[22m
[37m[39m
[37m[91mâœ–[39m[37m Failed to compile.[39m
[36mâ ‹[39m Generating browser application bundles...[2K[1G[36mâ ™[39m Generating browser application bundles (phase: building)...[2K[1G[32mâœ”[39m Browser application bundle generation complete.
[37m[39m
[37m[0m[1mInitial Chunk Files[22m[2m | [22m[1mNames[22m  [2m | [22m[1mRaw Size[22m[0m[39m
[37m[0m[92mruntime.js[39m[37m         [2m | [22mruntime[2m | [22m[96m12.61 kB[39m[37m[2m | [22m[0m[39m
[37m[0m[92mmain.js[39m[37m            [2m | [22mmain   [2m | [22m [96m8.91 kB[39m[37m[2m | [22m[0m[39m
[37m[0m[0m[39m
[37m[0m5 unchanged chunks[0m[39m
[37m[0m[0m[39m
[37m[0mBuild at: [1m[37m2024-01-06T16:15:57.039Z[39m[37m[22m - Hash: [1m[37m3964dcd86f9952aa[39m[37m[22m - Time: [1m[37m232[39m[37m[22mms[0m[39m
[1m[31m[39m[22m
[1m[31m[0m[91mError: [39m[31m[0m[96mapps/deb-gpt/src/app/app.component.html[0m:[93m1[0m:[93m25[0m - [91merror[0m[90m TS2339: [0mProperty 'show' does not exist on type 'AppComponent'.[39m[22m
[1m[31m[39m[22m
[1m[31m[7m1[0m   <router-outlet *ngIf="show" name="contentOutlet"></router-outlet>[39m[22m
[1m[31m[7m [0m [91m                        ~~~~[0m[39m[22m
[1m[31m[39m[22m
[1m[31m  [96mapps/deb-gpt/src/app/app.component.ts[0m:[93m5[0m:[93m16[0m[39m[22m
[1m[31m    [7m5[0m   templateUrl: './app.component.html',[39m[22m
[1m[31m    [7m [0m [96m               ~~~~~~~~~~~~~~~~~~~~~~[0m[39m[22m
[1m[31m    Error occurs in the template of component AppComponent.[39m[22m
[1m[31m[39m[22m
[1m[31m[39m[22m
[1m[31m[0m[91mError: [39m[31m[0m[96mapps/deb-gpt/src/app/app.component.html[0m:[93m2[0m:[93m26[0m - [91merror[0m[90m TS2339: [0mProperty 'show' does not exist on type 'AppComponent'.[39m[22m
[1m[31m[39m[22m
[1m[31m[7m2[0m   <router-outlet *ngIf="!show" name="authOutlet"></router-outlet>[39m[22m
[1m[31m[7m [0m [91m                         ~~~~[0m[39m[22m
[1m[31m[39m[22m
[1m[31m  [96mapps/deb-gpt/src/app/app.component.ts[0m:[93m5[0m:[93m16[0m[39m[22m
[1m[31m    [7m5[0m   templateUrl: './app.component.html',[39m[22m
[1m[31m    [7m [0m [96m               ~~~~~~~~~~~~~~~~~~~~~~[0m[39m[22m
[1m[31m    Error occurs in the template of component AppComponent.[39m[22m
[1m[31m[39m[22m
[1m[31m[39m[22m
[1m[31m[39m[22m
[37m[39m
[37m[91mâœ–[39m[37m Failed to compile.[39m
[36mâ ‹[39m Generating browser application bundles...[2K[1G[36mâ ™[39m Generating browser application bundles (phase: building)...[2K[1G[32mâœ”[39m Browser application bundle generation complete.
[37m[39m
[37m[0m[1mInitial Chunk Files[22m[2m | [22m[1mNames[22m  [2m | [22m[1mRaw Size[22m[0m[39m
[37m[0m[92mruntime.js[39m[37m         [2m | [22mruntime[2m | [22m[96m12.61 kB[39m[37m[2m | [22m[0m[39m
[37m[0m[92mmain.js[39m[37m            [2m | [22mmain   [2m | [22m [96m8.91 kB[39m[37m[2m | [22m[0m[39m
[37m[0m[0m[39m
[37m[0m5 unchanged chunks[0m[39m
[37m[0m[0m[39m
[37m[0mBuild at: [1m[37m2024-01-06T16:16:02.188Z[39m[37m[22m - Hash: [1m[37m0473ed34375961ed[39m[37m[22m - Time: [1m[37m290[39m[37m[22mms[0m[39m
[1m[31m[39m[22m
[1m[31m[0m[91mError: [39m[31m[0m[96mapps/deb-gpt/src/app/app.component.ts[0m:[93m10[0m:[93m3[0m - [91merror[0m[90m TS7008: [0mMember 'show' implicitly has an 'any' type.[39m[22m
[1m[31m[39m[22m
[1m[31m[7m10[0m   show[39m[22m
[1m[31m[7m  [0m [91m  ~~~~[0m[39m[22m
[1m[31m[39m[22m
[1m[31m[39m[22m
[1m[31m[39m[22m
[37m[39m
[37m[91mâœ–[39m[37m Failed to compile.[39m
[36mâ ‹[39m Generating browser application bundles...[2K[1G[36mâ ™[39m Generating browser application bundles (phase: building)...[2K[1G[36mâ ¹[39m Generating browser application bundles (phase: sealing)...[2K[1G[32mâœ”[39m Browser application bundle generation complete.
[37m[39m
[37m[0m[1mInitial Chunk Files[22m[2m | [22m[1mNames[22m  [2m | [22m[1mRaw Size[22m[0m[39m
[37m[0m[92mruntime.js[39m[37m         [2m | [22mruntime[2m | [22m[96m12.61 kB[39m[37m[2m | [22m[0m[39m
[37m[0m[92mmain.js[39m[37m            [2m | [22mmain   [2m | [22m [96m8.93 kB[39m[37m[2m | [22m[0m[39m
[37m[0m[0m[39m
[37m[0m5 unchanged chunks[0m[39m
[37m[0m[0m[39m
[37m[0mBuild at: [1m[37m2024-01-06T16:16:06.536Z[39m[37m[22m - Hash: [1m[37m1831692ec0d60c59[39m[37m[22m - Time: [1m[37m264[39m[37m[22mms[0m[39m
[1m[31m[39m[22m
[1m[31m[0m[91mError: [39m[31m[0m[96mapps/deb-gpt/src/app/app.component.ts[0m:[93m10[0m:[93m8[0m - [91merror[0m[90m TS2304: [0mCannot find name 'fa'.[39m[22m
[1m[31m[39m[22m
[1m[31m[7m10[0m   show=fa[39m[22m
[1m[31m[7m  [0m [91m       ~~[0m[39m[22m
[1m[31m[39m[22m
[1m[31m[39m[22m
[1m[31m[39m[22m
[37m[39m
[37m[91mâœ–[39m[37m Failed to compile.[39m
[36mâ ‹[39m Generating browser application bundles...[2K[1G[36mâ ™[39m Generating browser application bundles (phase: building)...[2K[1G[36mâ ¹[39m Generating browser application bundles (phase: sealing)...[2K[1G[36mâ ¸[39m Generating browser application bundles (phase: emitting)...[2K[1G[32mâœ”[39m Browser application bundle generation complete.
[37m[39m
[37m[0m[1mInitial Chunk Files[22m[2m | [22m[1mNames[22m  [2m | [22m[1mRaw Size[22m[0m[39m
[37m[0m[92mruntime.js[39m[37m         [2m | [22mruntime[2m | [22m[96m12.61 kB[39m[37m[2m | [22m[0m[39m
[37m[0m[92mmain.js[39m[37m            [2m | [22mmain   [2m | [22m [96m8.93 kB[39m[37m[2m | [22m[0m[39m
[37m[0m[0m[39m
[37m[0m5 unchanged chunks[0m[39m
[37m[0m[0m[39m
[37m[0mBuild at: [1m[37m2024-01-06T16:16:07.762Z[39m[37m[22m - Hash: [1m[37m3b64df174e8e9025[39m[37m[22m - Time: [1m[37m291[39m[37m[22mms[0m[39m
[37m[39m
[37m[92mâœ”[39m[37m Compiled successfully.[39m
[36mâ ‹[39m Generating browser application bundles...[2K[1G[36mâ ™[39m Generating browser application bundles (phase: building)...[2K[1G[36mâ ¹[39m Generating browser application bundles (phase: sealing)...[2K[1G[36mâ ¸[39m Generating browser application bundles (phase: emitting)...[2K[1G[32mâœ”[39m Browser application bundle generation complete.
[37m[39m
[37m[0m[1mInitial Chunk Files[22m[2m | [22m[1mNames[22m  [2m | [22m[1mRaw Size[22m[0m[39m
[37m[0m[92mruntime.js[39m[37m         [2m | [22mruntime[2m | [22m[96m12.61 kB[39m[37m[2m | [22m[0m[39m
[37m[0m[92mmain.js[39m[37m            [2m | [22mmain   [2m | [22m [96m8.93 kB[39m[37m[2m | [22m[0m[39m
[37m[0m[0m[39m
[37m[0m5 unchanged chunks[0m[39m
[37m[0m[0m[39m
[37m[0mBuild at: [1m[37m2024-01-06T16:16:08.847Z[39m[37m[22m - Hash: [1m[37m000000791edf339f[39m[37m[22m - Time: [1m[37m385[39m[37m[22mms[0m[39m
[37m[39m
[37m[92mâœ”[39m[37m Compiled successfully.[39m
[36mâ ‹[39m Generating browser application bundles...[2K[1G[36mâ ™[39m Generating browser application bundles (phase: building)...[2K[1G[36mâ ¹[39m Generating browser application bundles (phase: building)...[2K[1G[36mâ ¸[39m Generating browser application bundles (phase: emitting)...[2K[1G[32mâœ”[39m Browser application bundle generation complete.
[37m[39m
[37m[0m[1mInitial Chunk Files[22m[2m | [22m[1mNames[22m  [2m | [22m[1mRaw Size[22m[0m[39m
[37m[0m[92mruntime.js[39m[37m         [2m | [22mruntime[2m | [22m[96m12.61 kB[39m[37m[2m | [22m[0m[39m
[37m[0m[92mmain.js[39m[37m            [2m | [22mmain   [2m | [22m [96m8.92 kB[39m[37m[2m | [22m[0m[39m
[37m[0m[0m[39m
[37m[0m5 unchanged chunks[0m[39m
[37m[0m[0m[39m
[37m[0mBuild at: [1m[37m2024-01-06T16:16:28.681Z[39m[37m[22m - Hash: [1m[37ma48d81630a0da434[39m[37m[22m - Time: [1m[37m392[39m[37m[22mms[0m[39m
[37m[39m
[37m[92mâœ”[39m[37m Compiled successfully.[39m
[36mâ ‹[39m Generating browser application bundles...[2K[1G[36mâ ™[39m Generating browser application bundles (phase: building)...[2K[1G[36mâ ¹[39m Generating browser application bundles (phase: building)...[2K[1G[36mâ ¸[39m Generating browser application bundles (phase: emitting)...[2K[1G[32mâœ”[39m Browser application bundle generation complete.
[37m[39m
[37m[0m[1mInitial Chunk Files[22m[2m | [22m[1mNames[22m  [2m | [22m[1mRaw Size[22m[0m[39m
[37m[0m[92mruntime.js[39m[37m         [2m | [22mruntime[2m | [22m[96m12.61 kB[39m[37m[2m | [22m[0m[39m
[37m[0m[92mmain.js[39m[37m            [2m | [22mmain   [2m | [22m [96m8.92 kB[39m[37m[2m | [22m[0m[39m
[37m[0m[0m[39m
[37m[0m5 unchanged chunks[0m[39m
[37m[0m[0m[39m
[37m[0mBuild at: [1m[37m2024-01-06T16:16:46.983Z[39m[37m[22m - Hash: [1m[37md3322f43b807c88e[39m[37m[22m - Time: [1m[37m365[39m[37m[22mms[0m[39m
[37m[39m
[37m[92mâœ”[39m[37m Compiled successfully.[39m
